<?xml version="1.0" encoding="utf-8" standalone="no"?>
<!--This file represents the results of running a test suite-->
<test-results name="C:\Personal\Go\TestProject1\TestProject1Tests\bin\Debug\ClassLibrary1.dll" total="19" errors="0" failures="0" not-run="0" inconclusive="0" ignored="0" skipped="0" invalid="0" date="2012-11-22" time="22:41:50">
  <environment nunit-version="2.6.2.12296" clr-version="2.0.50727.5466" os-version="Microsoft Windows NT 6.1.7601 Service Pack 1" platform="Win32NT" cwd="C:\Program Files (x86)\NUnit 2.6.2\bin" machine-name="ADI" user="pc1" user-domain="ADI" />
  <culture-info current-culture="en-GB" current-uiculture="en-US" />
  <test-suite type="Assembly" name="C:\Personal\Go\TestProject1\TestProject1Tests\bin\Debug\ClassLibrary1.dll" executed="True" result="Success" success="True" time="0.125" asserts="0">
    <results>
      <test-suite type="Namespace" name="Project1" executed="True" result="Success" success="True" time="0.124" asserts="0">
        <results>
          <test-suite type="TestFixture" name="RankTests" executed="True" result="Success" success="True" time="0.123" asserts="0">
            <results>
              <test-case name="Project1.RankTests.DefaultRankAndRungPositionForNoRank" executed="True" result="Success" success="True" time="0.002" asserts="2" />
              <test-case name="Project1.RankTests.DontMoveDownWhenAtBottomOfRank" executed="True" result="Success" success="True" time="0.002" asserts="2" />
              <test-case name="Project1.RankTests.DontMoveUpLadderMaxRankAndRung" executed="True" result="Success" success="True" time="0.002" asserts="2" />
              <test-case name="Project1.RankTests.MoveDownHighRankDownARung" executed="True" result="Success" success="True" time="0.001" asserts="2" />
              <test-case name="Project1.RankTests.MoveDownHighRankSameRung" executed="True" result="Success" success="True" time="0.001" asserts="6" />
              <test-case name="Project1.RankTests.MoveDownLowRankDownARung" executed="True" result="Success" success="True" time="0.001" asserts="2" />
              <test-case name="Project1.RankTests.MoveDownLowRankSameRung" executed="True" result="Success" success="True" time="0.001" asserts="2" />
              <test-case name="Project1.RankTests.MoveDownMidRankDownARung" executed="True" result="Success" success="True" time="0.001" asserts="2" />
              <test-case name="Project1.RankTests.MoveDownMidRankSameRung" executed="True" result="Success" success="True" time="0.001" asserts="4" />
              <test-case name="Project1.RankTests.MoveUpLadderHighRankSameRung" executed="True" result="Success" success="True" time="0.001" asserts="6" />
              <test-case name="Project1.RankTests.MoveUpLadderHighRankUpARung" executed="True" result="Success" success="True" time="0.001" asserts="2" />
              <test-case name="Project1.RankTests.MoveUpLadderLowRankSameRung" executed="True" result="Success" success="True" time="0.001" asserts="2" />
              <test-case name="Project1.RankTests.MoveUpLadderLowRankUpARung" executed="True" result="Success" success="True" time="0.000" asserts="2" />
              <test-case name="Project1.RankTests.MoveUpLadderMiddleRankSameRung" executed="True" result="Success" success="True" time="0.001" asserts="4" />
              <test-case name="Project1.RankTests.MoveUpLadderMiddleRankUpARung" executed="True" result="Success" success="True" time="0.001" asserts="2" />
              <test-case name="Project1.RankTests.SetAndGetRankNumber" executed="True" result="Success" success="True" time="0.001" asserts="1" />
              <test-case name="Project1.RankTests.SetAndGetRungPosition" executed="True" result="Success" success="True" time="0.001" asserts="1" />
              <test-case name="Project1.RankTests.SetRankAndRungThroughConstructor" executed="True" result="Success" success="True" time="0.001" asserts="2" />
              <test-case name="Project1.RankTests.SetRankThroughConstructor" executed="True" result="Success" success="True" time="0.001" asserts="2" />
            </results>
          </test-suite>
        </results>
      </test-suite>
    </results>
  </test-suite>
</test-results>