<?xml version="1.0" encoding="utf-8" standalone="no"?>
<!--This file represents the results of running a test suite-->
<test-results name="C:\Personal\Go\TestProject1\TestProject1Tests\bin\Debug\ClassLibrary1.dll" total="23" errors="0" failures="0" not-run="0" inconclusive="0" ignored="0" skipped="0" invalid="0" date="2012-10-29" time="02:11:31">
  <environment nunit-version="2.5.10.11092" clr-version="2.0.50727.5456" os-version="Microsoft Windows NT 6.1.7601 Service Pack 1" platform="Win32NT" cwd="C:\Program Files (x86)\NUnit 2.5.10\bin\net-2.0" machine-name="ADI" user="pc1" user-domain="ADI" />
  <culture-info current-culture="en-GB" current-uiculture="en-US" />
  <test-suite type="Assembly" name="C:\Personal\Go\TestProject1\TestProject1Tests\bin\Debug\ClassLibrary1.dll" executed="True" result="Success" success="True" time="0.183" asserts="0">
    <results>
      <test-suite type="Namespace" name="Project1" executed="True" result="Success" success="True" time="0.169" asserts="0">
        <results>
          <test-suite type="TestFixture" name="PlayerTests" executed="True" result="Success" success="True" time="0.094" asserts="0">
            <results>
              <test-case name="Project1.PlayerTests.NewPlayerDefaultRankIsThirtySixKyu" executed="True" result="Success" success="True" time="0.067" asserts="1" />
              <test-case name="Project1.PlayerTests.NewPlayerDefaultRungIsMiddleRung" executed="True" result="Success" success="True" time="0.001" asserts="1" />
              <test-case name="Project1.PlayerTests.SetAndGetPlayerName" executed="True" result="Success" success="True" time="0.001" asserts="1" />
              <test-case name="Project1.PlayerTests.SetNewPlayerRankThroughConstructor" executed="True" result="Success" success="True" time="0.001" asserts="2" />
            </results>
          </test-suite>
          <test-suite type="TestFixture" name="RankTests" executed="True" result="Success" success="True" time="0.069" asserts="0">
            <results>
              <test-case name="Project1.RankTests.DefaultRankAndRungPositionForNoRank" executed="True" result="Success" success="True" time="0.001" asserts="2" />
              <test-case name="Project1.RankTests.DontMoveDownWhenAtBottomOfRank" executed="True" result="Success" success="True" time="0.002" asserts="2" />
              <test-case name="Project1.RankTests.DontMoveUpLadderMaxRankAndRung" executed="True" result="Success" success="True" time="0.001" asserts="2" />
              <test-case name="Project1.RankTests.MoveDownHighRankDownARung" executed="True" result="Success" success="True" time="0.001" asserts="2" />
              <test-case name="Project1.RankTests.MoveDownHighRankSameRung" executed="True" result="Success" success="True" time="0.001" asserts="6" />
              <test-case name="Project1.RankTests.MoveDownLowRankDownARung" executed="True" result="Success" success="True" time="0.000" asserts="2" />
              <test-case name="Project1.RankTests.MoveDownLowRankSameRung" executed="True" result="Success" success="True" time="0.001" asserts="2" />
              <test-case name="Project1.RankTests.MoveDownMidRankDownARung" executed="True" result="Success" success="True" time="0.000" asserts="2" />
              <test-case name="Project1.RankTests.MoveDownMidRankSameRung" executed="True" result="Success" success="True" time="0.001" asserts="4" />
              <test-case name="Project1.RankTests.MoveUpLadderHighRankSameRung" executed="True" result="Success" success="True" time="0.001" asserts="6" />
              <test-case name="Project1.RankTests.MoveUpLadderHighRankUpARung" executed="True" result="Success" success="True" time="0.000" asserts="2" />
              <test-case name="Project1.RankTests.MoveUpLadderLowRankSameRung" executed="True" result="Success" success="True" time="0.000" asserts="2" />
              <test-case name="Project1.RankTests.MoveUpLadderLowRankUpARung" executed="True" result="Success" success="True" time="0.001" asserts="2" />
              <test-case name="Project1.RankTests.MoveUpLadderMiddleRankSameRung" executed="True" result="Success" success="True" time="0.001" asserts="4" />
              <test-case name="Project1.RankTests.MoveUpLadderMiddleRankUpARung" executed="True" result="Success" success="True" time="0.000" asserts="2" />
              <test-case name="Project1.RankTests.SetAndGetRankNumber" executed="True" result="Success" success="True" time="0.001" asserts="1" />
              <test-case name="Project1.RankTests.SetAndGetRungPosition" executed="True" result="Success" success="True" time="0.001" asserts="1" />
              <test-case name="Project1.RankTests.SetRankAndRungThroughConstructor" executed="True" result="Success" success="True" time="0.001" asserts="2" />
              <test-case name="Project1.RankTests.SetRankThroughConstructor" executed="True" result="Success" success="True" time="0.000" asserts="2" />
            </results>
          </test-suite>
        </results>
      </test-suite>
    </results>
  </test-suite>
</test-results>