<?xml version="1.0" encoding="UTF-8"?>
<TestRun id="cf0118fe-89f7-4c73-a283-55e37d3d05e7" name="pc1@ADI 2012-11-22 23:15:55" runUser="ADI\pc1" xmlns="http://microsoft.com/schemas/VisualStudio/TeamTest/2010">
  <TestSettings name="Local" id="8e47a06c-9acb-4e37-8aaa-ce98d320818c">
    <Description>These are default test settings for a local test run.</Description>
    <Deployment enabled="false" runDeploymentRoot="pc1_ADI 2012-11-22 23_15_55">
      <DeploymentItem filename="C:\Personal\Go\TestProject1\TestProject1\bin\Debug\TestProject1.exe" />
    </Deployment>
    <Execution>
      <TestTypeSpecific />
      <AgentRule name="Execution Agents">
      </AgentRule>
    </Execution>
  </TestSettings>
  <Times creation="2012-11-22T23:15:55.5356255+00:00" queuing="2012-11-22T23:15:57.1987206+00:00" start="2012-11-22T23:15:57.3917317+00:00" finish="2012-11-22T23:16:05.2541814+00:00" />
  <ResultSummary outcome="Error">
    <Counters total="6" executed="2" passed="1" error="0" failed="0" timeout="0" aborted="1" inconclusive="0" passedButRunAborted="0" notRunnable="0" notExecuted="4" disconnected="0" warning="0" completed="0" inProgress="0" pending="0" />
    <RunInfos>
      <RunInfo computerName="ADI" outcome="Error" timestamp="2012-11-22T23:16:05.2521813+00:00">
        <Text>Test host process exited unexpectedly.</Text>
      </RunInfo>
    </RunInfos>
  </ResultSummary>
  <TestDefinitions>
    <UnitTest name="SetAndGetPlayerID" storage="c:\personal\go\testproject1\project1vstests\bin\debug\project1vstests.dll" id="4f837ab8-5754-1eea-a938-0dd85065929c">
      <Execution id="67acd28c-6506-410e-b9e7-ac94008610e1" />
      <TestMethod codeBase="C:/Personal/Go/TestProject1/Project1VSTests/bin/Debug/Project1VSTests.DLL" adapterTypeName="Microsoft.VisualStudio.TestTools.TestTypes.Unit.UnitTestAdapter, Microsoft.VisualStudio.QualityTools.Tips.UnitTest.Adapter, Version=10.0.0.0, Culture=neutral, PublicKeyToken=b03f5f7f11d50a3a" className="Project1VSTests.PlayerTests, Project1VSTests, Version=1.0.0.0, Culture=neutral, PublicKeyToken=null" name="SetAndGetPlayerID" />
    </UnitTest>
    <UnitTest name="SetNewPlayerThroughConstructor" storage="c:\personal\go\testproject1\project1vstests\bin\debug\project1vstests.dll" id="720f2ed8-00d2-a182-67a8-02668befcf50">
      <Execution id="0dae05ee-5882-4d2a-8cd1-04f4351e5fa0" />
      <TestMethod codeBase="C:/Personal/Go/TestProject1/Project1VSTests/bin/Debug/Project1VSTests.DLL" adapterTypeName="Microsoft.VisualStudio.TestTools.TestTypes.Unit.UnitTestAdapter, Microsoft.VisualStudio.QualityTools.Tips.UnitTest.Adapter, Version=10.0.0.0, Culture=neutral, PublicKeyToken=b03f5f7f11d50a3a" className="Project1VSTests.PlayerTests, Project1VSTests, Version=1.0.0.0, Culture=neutral, PublicKeyToken=null" name="SetNewPlayerThroughConstructor" />
    </UnitTest>
    <UnitTest name="NewPlayerDefaultRankIsThirtySixKyu" storage="c:\personal\go\testproject1\project1vstests\bin\debug\project1vstests.dll" id="f2df5bd3-730e-ae0f-298c-daf0a9ebf65d">
      <Execution id="4e469ba5-d689-4b36-afc4-37f56d2a5a95" />
      <TestMethod codeBase="C:/Personal/Go/TestProject1/Project1VSTests/bin/Debug/Project1VSTests.DLL" adapterTypeName="Microsoft.VisualStudio.TestTools.TestTypes.Unit.UnitTestAdapter, Microsoft.VisualStudio.QualityTools.Tips.UnitTest.Adapter, Version=10.0.0.0, Culture=neutral, PublicKeyToken=b03f5f7f11d50a3a" className="Project1VSTests.PlayerTests, Project1VSTests, Version=1.0.0.0, Culture=neutral, PublicKeyToken=null" name="NewPlayerDefaultRankIsThirtySixKyu" />
    </UnitTest>
    <UnitTest name="SetAndGetPlayerName" storage="c:\personal\go\testproject1\project1vstests\bin\debug\project1vstests.dll" id="c4315d0c-5e58-dd69-04ed-59932af5fc00">
      <Execution id="42657ad5-9f55-472e-8a6e-6f74cc37700c" />
      <TestMethod codeBase="C:/Personal/Go/TestProject1/Project1VSTests/bin/Debug/Project1VSTests.DLL" adapterTypeName="Microsoft.VisualStudio.TestTools.TestTypes.Unit.UnitTestAdapter, Microsoft.VisualStudio.QualityTools.Tips.UnitTest.Adapter, Version=10.0.0.0, Culture=neutral, PublicKeyToken=b03f5f7f11d50a3a" className="Project1VSTests.PlayerTests, Project1VSTests, Version=1.0.0.0, Culture=neutral, PublicKeyToken=null" name="SetAndGetPlayerName" />
    </UnitTest>
    <UnitTest name="TestMethod1" storage="c:\personal\go\testproject1\project1vstests\bin\debug\project1vstests.dll" id="a196d2db-b595-47e8-0f85-ff9cf91d15cd">
      <Execution id="f05ead11-44e5-4534-8702-4a346c8bd900" />
      <TestMethod codeBase="C:/Personal/Go/TestProject1/Project1VSTests/bin/Debug/Project1VSTests.DLL" adapterTypeName="Microsoft.VisualStudio.TestTools.TestTypes.Unit.UnitTestAdapter, Microsoft.VisualStudio.QualityTools.Tips.UnitTest.Adapter, Version=10.0.0.0, Culture=neutral, PublicKeyToken=b03f5f7f11d50a3a" className="Project1VSTests.UnitTest1, Project1VSTests, Version=1.0.0.0, Culture=neutral, PublicKeyToken=null" name="TestMethod1" />
    </UnitTest>
    <UnitTest name="NewPlayerDefaultRungIsMiddleRung" storage="c:\personal\go\testproject1\project1vstests\bin\debug\project1vstests.dll" id="33ae37c7-06f7-601e-4782-0e9bb5db6fa3">
      <Execution id="0d7551c0-69a3-429c-bff0-a5392861b4e9" />
      <TestMethod codeBase="C:/Personal/Go/TestProject1/Project1VSTests/bin/Debug/Project1VSTests.DLL" adapterTypeName="Microsoft.VisualStudio.TestTools.TestTypes.Unit.UnitTestAdapter, Microsoft.VisualStudio.QualityTools.Tips.UnitTest.Adapter, Version=10.0.0.0, Culture=neutral, PublicKeyToken=b03f5f7f11d50a3a" className="Project1VSTests.PlayerTests, Project1VSTests, Version=1.0.0.0, Culture=neutral, PublicKeyToken=null" name="NewPlayerDefaultRungIsMiddleRung" />
    </UnitTest>
  </TestDefinitions>
  <TestLists>
    <TestList name="Results Not in a List" id="8c84fa94-04c1-424b-9868-57a2d4851a1d" />
    <TestList name="All Loaded Results" id="19431567-8539-422a-85d7-44ee4e166bda" />
  </TestLists>
  <TestEntries>
    <TestEntry testId="a196d2db-b595-47e8-0f85-ff9cf91d15cd" executionId="f05ead11-44e5-4534-8702-4a346c8bd900" testListId="8c84fa94-04c1-424b-9868-57a2d4851a1d" />
    <TestEntry testId="c4315d0c-5e58-dd69-04ed-59932af5fc00" executionId="42657ad5-9f55-472e-8a6e-6f74cc37700c" testListId="8c84fa94-04c1-424b-9868-57a2d4851a1d" />
    <TestEntry testId="4f837ab8-5754-1eea-a938-0dd85065929c" executionId="67acd28c-6506-410e-b9e7-ac94008610e1" testListId="8c84fa94-04c1-424b-9868-57a2d4851a1d" />
    <TestEntry testId="f2df5bd3-730e-ae0f-298c-daf0a9ebf65d" executionId="4e469ba5-d689-4b36-afc4-37f56d2a5a95" testListId="8c84fa94-04c1-424b-9868-57a2d4851a1d" />
    <TestEntry testId="33ae37c7-06f7-601e-4782-0e9bb5db6fa3" executionId="0d7551c0-69a3-429c-bff0-a5392861b4e9" testListId="8c84fa94-04c1-424b-9868-57a2d4851a1d" />
    <TestEntry testId="720f2ed8-00d2-a182-67a8-02668befcf50" executionId="0dae05ee-5882-4d2a-8cd1-04f4351e5fa0" testListId="8c84fa94-04c1-424b-9868-57a2d4851a1d" />
  </TestEntries>
  <Results>
    <UnitTestResult executionId="f05ead11-44e5-4534-8702-4a346c8bd900" testId="a196d2db-b595-47e8-0f85-ff9cf91d15cd" testName="TestMethod1" computerName="ADI" duration="00:00:00.0122463" startTime="2012-11-22T23:15:57.5587412+00:00" endTime="2012-11-22T23:15:58.4187904+00:00" testType="13cdc9d9-ddb5-4fa4-a97d-d965ccfc6d4b" outcome="Passed" testListId="8c84fa94-04c1-424b-9868-57a2d4851a1d" relativeResultsDirectory="f05ead11-44e5-4534-8702-4a346c8bd900">
    </UnitTestResult>
    <UnitTestResult executionId="42657ad5-9f55-472e-8a6e-6f74cc37700c" testId="c4315d0c-5e58-dd69-04ed-59932af5fc00" testName="SetAndGetPlayerName" computerName="ADI" duration="00:00:06.8093895" startTime="2012-11-22T23:15:58.4447919+00:00" endTime="2012-11-22T23:16:05.2541814+00:00" testType="13cdc9d9-ddb5-4fa4-a97d-d965ccfc6d4b" outcome="Aborted" testListId="8c84fa94-04c1-424b-9868-57a2d4851a1d" relativeResultsDirectory="42657ad5-9f55-472e-8a6e-6f74cc37700c">
    </UnitTestResult>
    <UnitTestResult executionId="67acd28c-6506-410e-b9e7-ac94008610e1" testId="4f837ab8-5754-1eea-a938-0dd85065929c" testName="SetAndGetPlayerID" computerName="ADI" testType="13cdc9d9-ddb5-4fa4-a97d-d965ccfc6d4b" outcome="NotExecuted" testListId="8c84fa94-04c1-424b-9868-57a2d4851a1d" relativeResultsDirectory="67acd28c-6506-410e-b9e7-ac94008610e1">
    </UnitTestResult>
    <UnitTestResult executionId="4e469ba5-d689-4b36-afc4-37f56d2a5a95" testId="f2df5bd3-730e-ae0f-298c-daf0a9ebf65d" testName="NewPlayerDefaultRankIsThirtySixKyu" computerName="ADI" testType="13cdc9d9-ddb5-4fa4-a97d-d965ccfc6d4b" outcome="NotExecuted" testListId="8c84fa94-04c1-424b-9868-57a2d4851a1d" relativeResultsDirectory="4e469ba5-d689-4b36-afc4-37f56d2a5a95">
    </UnitTestResult>
    <UnitTestResult executionId="0d7551c0-69a3-429c-bff0-a5392861b4e9" testId="33ae37c7-06f7-601e-4782-0e9bb5db6fa3" testName="NewPlayerDefaultRungIsMiddleRung" computerName="ADI" testType="13cdc9d9-ddb5-4fa4-a97d-d965ccfc6d4b" outcome="NotExecuted" testListId="8c84fa94-04c1-424b-9868-57a2d4851a1d" relativeResultsDirectory="0d7551c0-69a3-429c-bff0-a5392861b4e9">
    </UnitTestResult>
    <UnitTestResult executionId="0dae05ee-5882-4d2a-8cd1-04f4351e5fa0" testId="720f2ed8-00d2-a182-67a8-02668befcf50" testName="SetNewPlayerThroughConstructor" computerName="ADI" testType="13cdc9d9-ddb5-4fa4-a97d-d965ccfc6d4b" outcome="NotExecuted" testListId="8c84fa94-04c1-424b-9868-57a2d4851a1d" relativeResultsDirectory="0dae05ee-5882-4d2a-8cd1-04f4351e5fa0">
    </UnitTestResult>
  </Results>
</TestRun>