<?xml version="1.0" encoding="UTF-8"?>
<TestRun id="247516eb-3c53-4916-98be-51082a2c0e07" name="pc1@ADI 2012-11-22 23:12:42" runUser="ADI\pc1" xmlns="http://microsoft.com/schemas/VisualStudio/TeamTest/2010">
  <TestSettings name="Local" id="8e47a06c-9acb-4e37-8aaa-ce98d320818c">
    <Description>These are default test settings for a local test run.</Description>
    <Deployment userDeploymentRoot="C:\Personal\Go\TestProject1\TestResults" useDefaultDeploymentRoot="false" enabled="false" runDeploymentRoot="pc1_ADI 2012-11-22 23_12_42">
      <DeploymentItem filename="C:\Personal\Go\TestProject1\TestProject1\bin\Debug\TestProject1.exe" />
    </Deployment>
    <Execution>
      <TestTypeSpecific />
      <AgentRule name="Execution Agents">
      </AgentRule>
    </Execution>
  </TestSettings>
  <Times creation="2012-11-22T23:12:42.3775775+00:00" queuing="2012-11-22T23:12:42.6765946+00:00" start="2012-11-22T23:12:42.7145968+00:00" finish="2012-11-22T23:12:43.0366152+00:00" />
  <ResultSummary outcome="Completed">
    <Counters total="1" executed="1" passed="1" error="0" failed="0" timeout="0" aborted="0" inconclusive="0" passedButRunAborted="0" notRunnable="0" notExecuted="0" disconnected="0" warning="0" completed="0" inProgress="0" pending="0" />
  </ResultSummary>
  <TestDefinitions>
    <UnitTest name="TestMethod1" storage="c:\personal\go\testproject1\project1vstests\bin\debug\project1vstests.dll" id="a196d2db-b595-47e8-0f85-ff9cf91d15cd">
      <Execution id="e48d3c98-e148-42c7-9bb4-c152a8706302" />
      <TestMethod codeBase="C:/Personal/Go/TestProject1/Project1VSTests/bin/Debug/Project1VSTests.DLL" adapterTypeName="Microsoft.VisualStudio.TestTools.TestTypes.Unit.UnitTestAdapter, Microsoft.VisualStudio.QualityTools.Tips.UnitTest.Adapter, Version=10.0.0.0, Culture=neutral, PublicKeyToken=b03f5f7f11d50a3a" className="Project1VSTests.UnitTest1, Project1VSTests, Version=1.0.0.0, Culture=neutral, PublicKeyToken=null" name="TestMethod1" />
    </UnitTest>
  </TestDefinitions>
  <TestLists>
    <TestList name="Results Not in a List" id="8c84fa94-04c1-424b-9868-57a2d4851a1d" />
    <TestList name="All Loaded Results" id="19431567-8539-422a-85d7-44ee4e166bda" />
  </TestLists>
  <TestEntries>
    <TestEntry testId="a196d2db-b595-47e8-0f85-ff9cf91d15cd" executionId="e48d3c98-e148-42c7-9bb4-c152a8706302" testListId="8c84fa94-04c1-424b-9868-57a2d4851a1d" />
  </TestEntries>
  <Results>
    <UnitTestResult executionId="e48d3c98-e148-42c7-9bb4-c152a8706302" testId="a196d2db-b595-47e8-0f85-ff9cf91d15cd" testName="TestMethod1" computerName="ADI" duration="00:00:00.0125730" startTime="2012-11-22T23:12:42.7255974+00:00" endTime="2012-11-22T23:12:42.9796119+00:00" testType="13cdc9d9-ddb5-4fa4-a97d-d965ccfc6d4b" outcome="Passed" testListId="8c84fa94-04c1-424b-9868-57a2d4851a1d" relativeResultsDirectory="e48d3c98-e148-42c7-9bb4-c152a8706302">
    </UnitTestResult>
  </Results>
</TestRun>