<?xml version="1.0" encoding="UTF-8"?>
<TestRun id="e2767277-e99b-47e8-bc4e-fd7b9ee588d9" name="pc1@ADI 2012-11-22 23:49:44" runUser="ADI\pc1" xmlns="http://microsoft.com/schemas/VisualStudio/TeamTest/2010">
  <TestSettings name="Local" id="8e47a06c-9acb-4e37-8aaa-ce98d320818c">
    <Description>These are default test settings for a local test run.</Description>
    <Deployment userDeploymentRoot="C:\Personal\Go\TestProject1\TestResults" useDefaultDeploymentRoot="false" enabled="false" runDeploymentRoot="pc1_ADI 2012-11-22 23_49_44">
      <DeploymentItem filename="C:\Personal\Go\TestProject1\TestProject1\bin\Debug\TestProject1.exe" />
    </Deployment>
    <Execution>
      <TestTypeSpecific />
      <AgentRule name="Execution Agents">
      </AgentRule>
    </Execution>
  </TestSettings>
  <Times creation="2012-11-22T23:49:44.7036873+00:00" queuing="2012-11-22T23:49:44.7596905+00:00" start="2012-11-22T23:49:44.7906923+00:00" finish="2012-11-22T23:49:45.4527301+00:00" />
  <ResultSummary outcome="Failed">
    <Counters total="45" executed="45" passed="44" error="0" failed="1" timeout="0" aborted="0" inconclusive="0" passedButRunAborted="0" notRunnable="0" notExecuted="0" disconnected="0" warning="0" completed="0" inProgress="0" pending="0" />
  </ResultSummary>
  <TestDefinitions>
    <UnitTest name="FindPlayerFromListWithName" storage="c:\personal\go\testproject1\project1vstests\bin\debug\project1vstests.dll" id="63417751-7623-be38-a4d3-37490ad4706f">
      <Execution id="a35d4e55-4a4e-46d6-8c9d-509b2993003a" />
      <TestMethod codeBase="C:/Personal/Go/TestProject1/Project1VSTests/bin/Debug/Project1VSTests.DLL" adapterTypeName="Microsoft.VisualStudio.TestTools.TestTypes.Unit.UnitTestAdapter, Microsoft.VisualStudio.QualityTools.Tips.UnitTest.Adapter, Version=10.0.0.0, Culture=neutral, PublicKeyToken=b03f5f7f11d50a3a" className="Project1.LadderTests, Project1VSTests, Version=1.0.0.0, Culture=neutral, PublicKeyToken=null" name="FindPlayerFromListWithName" />
    </UnitTest>
    <UnitTest name="GetIDofLastPlayerInList" storage="c:\personal\go\testproject1\project1vstests\bin\debug\project1vstests.dll" id="bf2d210f-499d-db34-fdc7-38401fadd68c">
      <Execution id="e7145306-bd5b-474f-94cb-022a98d2d6ef" />
      <TestMethod codeBase="C:/Personal/Go/TestProject1/Project1VSTests/bin/Debug/Project1VSTests.DLL" adapterTypeName="Microsoft.VisualStudio.TestTools.TestTypes.Unit.UnitTestAdapter, Microsoft.VisualStudio.QualityTools.Tips.UnitTest.Adapter, Version=10.0.0.0, Culture=neutral, PublicKeyToken=b03f5f7f11d50a3a" className="Project1.LadderTests, Project1VSTests, Version=1.0.0.0, Culture=neutral, PublicKeyToken=null" name="GetIDofLastPlayerInList" />
    </UnitTest>
    <UnitTest name="AddingGamesAutomaticallyAddsGameID" storage="c:\personal\go\testproject1\project1vstests\bin\debug\project1vstests.dll" id="c8c2dc19-5f39-1c20-c766-3762219651c1">
      <Execution id="f3e33bd7-8d2d-4dca-b6ef-73714d1b0ff7" />
      <TestMethod codeBase="C:/Personal/Go/TestProject1/Project1VSTests/bin/Debug/Project1VSTests.DLL" adapterTypeName="Microsoft.VisualStudio.TestTools.TestTypes.Unit.UnitTestAdapter, Microsoft.VisualStudio.QualityTools.Tips.UnitTest.Adapter, Version=10.0.0.0, Culture=neutral, PublicKeyToken=b03f5f7f11d50a3a" className="Project1.LadderTests, Project1VSTests, Version=1.0.0.0, Culture=neutral, PublicKeyToken=null" name="AddingGamesAutomaticallyAddsGameID" />
    </UnitTest>
    <UnitTest name="MoveUpLadderHighRankUpARung" storage="c:\personal\go\testproject1\project1vstests\bin\debug\project1vstests.dll" id="4d603034-9b20-4167-7863-d6342775eb94">
      <Execution id="d834b5cd-c2ee-43c7-8aff-58e92e918081" />
      <TestMethod codeBase="C:/Personal/Go/TestProject1/Project1VSTests/bin/Debug/Project1VSTests.DLL" adapterTypeName="Microsoft.VisualStudio.TestTools.TestTypes.Unit.UnitTestAdapter, Microsoft.VisualStudio.QualityTools.Tips.UnitTest.Adapter, Version=10.0.0.0, Culture=neutral, PublicKeyToken=b03f5f7f11d50a3a" className="Project1.RankTests, Project1VSTests, Version=1.0.0.0, Culture=neutral, PublicKeyToken=null" name="MoveUpLadderHighRankUpARung" />
    </UnitTest>
    <UnitTest name="MoveDownHighRankDownARung" storage="c:\personal\go\testproject1\project1vstests\bin\debug\project1vstests.dll" id="bed63836-32d0-838c-d496-ce4fc91f6c1f">
      <Execution id="bcebe26f-98ea-432c-bb2d-48faf4c0b459" />
      <TestMethod codeBase="C:/Personal/Go/TestProject1/Project1VSTests/bin/Debug/Project1VSTests.DLL" adapterTypeName="Microsoft.VisualStudio.TestTools.TestTypes.Unit.UnitTestAdapter, Microsoft.VisualStudio.QualityTools.Tips.UnitTest.Adapter, Version=10.0.0.0, Culture=neutral, PublicKeyToken=b03f5f7f11d50a3a" className="Project1.RankTests, Project1VSTests, Version=1.0.0.0, Culture=neutral, PublicKeyToken=null" name="MoveDownHighRankDownARung" />
    </UnitTest>
    <UnitTest name="MoveUpLadderLowRankUpARung" storage="c:\personal\go\testproject1\project1vstests\bin\debug\project1vstests.dll" id="b216a52f-2c4d-0364-703c-8d5add28730d">
      <Execution id="a9a0957a-5342-45f1-a388-c2d070188925" />
      <TestMethod codeBase="C:/Personal/Go/TestProject1/Project1VSTests/bin/Debug/Project1VSTests.DLL" adapterTypeName="Microsoft.VisualStudio.TestTools.TestTypes.Unit.UnitTestAdapter, Microsoft.VisualStudio.QualityTools.Tips.UnitTest.Adapter, Version=10.0.0.0, Culture=neutral, PublicKeyToken=b03f5f7f11d50a3a" className="Project1.RankTests, Project1VSTests, Version=1.0.0.0, Culture=neutral, PublicKeyToken=null" name="MoveUpLadderLowRankUpARung" />
    </UnitTest>
    <UnitTest name="GetAndSetResult" storage="c:\personal\go\testproject1\project1vstests\bin\debug\project1vstests.dll" id="c11181c1-a3ce-72fd-52a3-a05ed9a9e47c">
      <Execution id="4d3f8753-4ccf-472f-88ad-dc9d2b594065" />
      <TestMethod codeBase="C:/Personal/Go/TestProject1/Project1VSTests/bin/Debug/Project1VSTests.DLL" adapterTypeName="Microsoft.VisualStudio.TestTools.TestTypes.Unit.UnitTestAdapter, Microsoft.VisualStudio.QualityTools.Tips.UnitTest.Adapter, Version=10.0.0.0, Culture=neutral, PublicKeyToken=b03f5f7f11d50a3a" className="Project1.GameTests, Project1VSTests, Version=1.0.0.0, Culture=neutral, PublicKeyToken=null" name="GetAndSetResult" />
    </UnitTest>
    <UnitTest name="MoveUpLadderLowRankSameRung" storage="c:\personal\go\testproject1\project1vstests\bin\debug\project1vstests.dll" id="9f4bcc68-cea5-1bd3-1613-dab28d76f1f1">
      <Execution id="3977ff03-a09b-4d8d-936e-96fef647cd9e" />
      <TestMethod codeBase="C:/Personal/Go/TestProject1/Project1VSTests/bin/Debug/Project1VSTests.DLL" adapterTypeName="Microsoft.VisualStudio.TestTools.TestTypes.Unit.UnitTestAdapter, Microsoft.VisualStudio.QualityTools.Tips.UnitTest.Adapter, Version=10.0.0.0, Culture=neutral, PublicKeyToken=b03f5f7f11d50a3a" className="Project1.RankTests, Project1VSTests, Version=1.0.0.0, Culture=neutral, PublicKeyToken=null" name="MoveUpLadderLowRankSameRung" />
    </UnitTest>
    <UnitTest name="DeletingMiddlePlayerInListKeepsOthers" storage="c:\personal\go\testproject1\project1vstests\bin\debug\project1vstests.dll" id="4728f28a-4d7d-4b7e-5fa3-82896872a9b7">
      <Execution id="1b69a996-364b-4af2-837e-0ea046352b5d" />
      <TestMethod codeBase="C:/Personal/Go/TestProject1/Project1VSTests/bin/Debug/Project1VSTests.DLL" adapterTypeName="Microsoft.VisualStudio.TestTools.TestTypes.Unit.UnitTestAdapter, Microsoft.VisualStudio.QualityTools.Tips.UnitTest.Adapter, Version=10.0.0.0, Culture=neutral, PublicKeyToken=b03f5f7f11d50a3a" className="Project1.LadderTests, Project1VSTests, Version=1.0.0.0, Culture=neutral, PublicKeyToken=null" name="DeletingMiddlePlayerInListKeepsOthers" />
    </UnitTest>
    <UnitTest name="GetAndSetGameIDs" storage="c:\personal\go\testproject1\project1vstests\bin\debug\project1vstests.dll" id="95357a55-a90a-984e-1885-391e86c16de5">
      <Execution id="98e70ccc-f8bc-436f-9f13-79d3d33c5117" />
      <TestMethod codeBase="C:/Personal/Go/TestProject1/Project1VSTests/bin/Debug/Project1VSTests.DLL" adapterTypeName="Microsoft.VisualStudio.TestTools.TestTypes.Unit.UnitTestAdapter, Microsoft.VisualStudio.QualityTools.Tips.UnitTest.Adapter, Version=10.0.0.0, Culture=neutral, PublicKeyToken=b03f5f7f11d50a3a" className="Project1.GameTests, Project1VSTests, Version=1.0.0.0, Culture=neutral, PublicKeyToken=null" name="GetAndSetGameIDs" />
    </UnitTest>
    <UnitTest name="MoveUpLadderHighRankSameRung" storage="c:\personal\go\testproject1\project1vstests\bin\debug\project1vstests.dll" id="d6c5c455-0200-0c5f-1ca0-f844ca7cc5e6">
      <Execution id="59a80b11-16e8-4f12-a83c-7a32a8d86e60" />
      <TestMethod codeBase="C:/Personal/Go/TestProject1/Project1VSTests/bin/Debug/Project1VSTests.DLL" adapterTypeName="Microsoft.VisualStudio.TestTools.TestTypes.Unit.UnitTestAdapter, Microsoft.VisualStudio.QualityTools.Tips.UnitTest.Adapter, Version=10.0.0.0, Culture=neutral, PublicKeyToken=b03f5f7f11d50a3a" className="Project1.RankTests, Project1VSTests, Version=1.0.0.0, Culture=neutral, PublicKeyToken=null" name="MoveUpLadderHighRankSameRung" />
    </UnitTest>
    <UnitTest name="SuccessfulAdditionOfPlayerReturnsTrue" storage="c:\personal\go\testproject1\project1vstests\bin\debug\project1vstests.dll" id="fd85e99d-a608-c68f-dc6c-26c250b86ddb">
      <Execution id="979595d0-8a01-4af3-a5dc-17c6ccf76264" />
      <TestMethod codeBase="C:/Personal/Go/TestProject1/Project1VSTests/bin/Debug/Project1VSTests.DLL" adapterTypeName="Microsoft.VisualStudio.TestTools.TestTypes.Unit.UnitTestAdapter, Microsoft.VisualStudio.QualityTools.Tips.UnitTest.Adapter, Version=10.0.0.0, Culture=neutral, PublicKeyToken=b03f5f7f11d50a3a" className="Project1.LadderTests, Project1VSTests, Version=1.0.0.0, Culture=neutral, PublicKeyToken=null" name="SuccessfulAdditionOfPlayerReturnsTrue" />
    </UnitTest>
    <UnitTest name="NumberOfPlayersIsZeroWhenLadderIsCreated" storage="c:\personal\go\testproject1\project1vstests\bin\debug\project1vstests.dll" id="d0c1f593-6311-123a-0e86-11e9e47b56f1">
      <Execution id="11298e55-f20a-43d2-b36e-af9fa71356f9" />
      <TestMethod codeBase="C:/Personal/Go/TestProject1/Project1VSTests/bin/Debug/Project1VSTests.DLL" adapterTypeName="Microsoft.VisualStudio.TestTools.TestTypes.Unit.UnitTestAdapter, Microsoft.VisualStudio.QualityTools.Tips.UnitTest.Adapter, Version=10.0.0.0, Culture=neutral, PublicKeyToken=b03f5f7f11d50a3a" className="Project1.LadderTests, Project1VSTests, Version=1.0.0.0, Culture=neutral, PublicKeyToken=null" name="NumberOfPlayersIsZeroWhenLadderIsCreated" />
    </UnitTest>
    <UnitTest name="RemovePlayerDeletesPlayerFromList" storage="c:\personal\go\testproject1\project1vstests\bin\debug\project1vstests.dll" id="9d466d43-57e0-e13f-406f-a50d15eddf06">
      <Execution id="e588c18d-64c4-4095-9e63-8014a419f5f9" />
      <TestMethod codeBase="C:/Personal/Go/TestProject1/Project1VSTests/bin/Debug/Project1VSTests.DLL" adapterTypeName="Microsoft.VisualStudio.TestTools.TestTypes.Unit.UnitTestAdapter, Microsoft.VisualStudio.QualityTools.Tips.UnitTest.Adapter, Version=10.0.0.0, Culture=neutral, PublicKeyToken=b03f5f7f11d50a3a" className="Project1.LadderTests, Project1VSTests, Version=1.0.0.0, Culture=neutral, PublicKeyToken=null" name="RemovePlayerDeletesPlayerFromList" />
    </UnitTest>
    <UnitTest name="NewPlayerDefaultRungIsMiddleRung" storage="c:\personal\go\testproject1\project1vstests\bin\debug\project1vstests.dll" id="4c58c331-f849-3000-be35-14d9061a5823">
      <Execution id="5a94434f-75d1-40c8-97a2-76be055bfbd5" />
      <TestMethod codeBase="C:/Personal/Go/TestProject1/Project1VSTests/bin/Debug/Project1VSTests.DLL" adapterTypeName="Microsoft.VisualStudio.TestTools.TestTypes.Unit.UnitTestAdapter, Microsoft.VisualStudio.QualityTools.Tips.UnitTest.Adapter, Version=10.0.0.0, Culture=neutral, PublicKeyToken=b03f5f7f11d50a3a" className="Project1.PlayerTests, Project1VSTests, Version=1.0.0.0, Culture=neutral, PublicKeyToken=null" name="NewPlayerDefaultRungIsMiddleRung" />
    </UnitTest>
    <UnitTest name="DefaultRankAndRungPositionForNoRank" storage="c:\personal\go\testproject1\project1vstests\bin\debug\project1vstests.dll" id="bc5bb353-beec-1029-110e-45d43b7d36de">
      <Execution id="e6f14d36-c8ea-438a-be0a-7cde54f5e513" />
      <TestMethod codeBase="C:/Personal/Go/TestProject1/Project1VSTests/bin/Debug/Project1VSTests.DLL" adapterTypeName="Microsoft.VisualStudio.TestTools.TestTypes.Unit.UnitTestAdapter, Microsoft.VisualStudio.QualityTools.Tips.UnitTest.Adapter, Version=10.0.0.0, Culture=neutral, PublicKeyToken=b03f5f7f11d50a3a" className="Project1.RankTests, Project1VSTests, Version=1.0.0.0, Culture=neutral, PublicKeyToken=null" name="DefaultRankAndRungPositionForNoRank" />
    </UnitTest>
    <UnitTest name="DontMoveDownWhenAtBottomOfRank" storage="c:\personal\go\testproject1\project1vstests\bin\debug\project1vstests.dll" id="1e309648-fdb7-1ca9-2ccb-3341883b6e78">
      <Execution id="723f933e-e722-46b0-8f35-8dcdc8fd2a2a" />
      <TestMethod codeBase="C:/Personal/Go/TestProject1/Project1VSTests/bin/Debug/Project1VSTests.DLL" adapterTypeName="Microsoft.VisualStudio.TestTools.TestTypes.Unit.UnitTestAdapter, Microsoft.VisualStudio.QualityTools.Tips.UnitTest.Adapter, Version=10.0.0.0, Culture=neutral, PublicKeyToken=b03f5f7f11d50a3a" className="Project1.RankTests, Project1VSTests, Version=1.0.0.0, Culture=neutral, PublicKeyToken=null" name="DontMoveDownWhenAtBottomOfRank" />
    </UnitTest>
    <UnitTest name="SetNewPlayerThroughConstructor" storage="c:\personal\go\testproject1\project1vstests\bin\debug\project1vstests.dll" id="b9a76c99-9145-d3be-9648-207ab5a64d1d">
      <Execution id="5e3e18e5-35f6-463f-b431-1182f8a2dbb2" />
      <TestMethod codeBase="C:/Personal/Go/TestProject1/Project1VSTests/bin/Debug/Project1VSTests.DLL" adapterTypeName="Microsoft.VisualStudio.TestTools.TestTypes.Unit.UnitTestAdapter, Microsoft.VisualStudio.QualityTools.Tips.UnitTest.Adapter, Version=10.0.0.0, Culture=neutral, PublicKeyToken=b03f5f7f11d50a3a" className="Project1.PlayerTests, Project1VSTests, Version=1.0.0.0, Culture=neutral, PublicKeyToken=null" name="SetNewPlayerThroughConstructor" />
    </UnitTest>
    <UnitTest name="NewPlayerDefaultRankIsThirtySixKyu" storage="c:\personal\go\testproject1\project1vstests\bin\debug\project1vstests.dll" id="e1e7dca0-9e9e-6051-146d-d722cd8342c2">
      <Execution id="90120f3d-a56d-430d-8bbe-60e3e582e397" />
      <TestMethod codeBase="C:/Personal/Go/TestProject1/Project1VSTests/bin/Debug/Project1VSTests.DLL" adapterTypeName="Microsoft.VisualStudio.TestTools.TestTypes.Unit.UnitTestAdapter, Microsoft.VisualStudio.QualityTools.Tips.UnitTest.Adapter, Version=10.0.0.0, Culture=neutral, PublicKeyToken=b03f5f7f11d50a3a" className="Project1.PlayerTests, Project1VSTests, Version=1.0.0.0, Culture=neutral, PublicKeyToken=null" name="NewPlayerDefaultRankIsThirtySixKyu" />
    </UnitTest>
    <UnitTest name="FindMultiplePlayersFromListWithSameRank" storage="c:\personal\go\testproject1\project1vstests\bin\debug\project1vstests.dll" id="600ddbfa-ef02-6d8c-d2c3-758d98370518">
      <Execution id="ba3dc0da-66c9-42a1-994d-0b94cbc1bced" />
      <TestMethod codeBase="C:/Personal/Go/TestProject1/Project1VSTests/bin/Debug/Project1VSTests.DLL" adapterTypeName="Microsoft.VisualStudio.TestTools.TestTypes.Unit.UnitTestAdapter, Microsoft.VisualStudio.QualityTools.Tips.UnitTest.Adapter, Version=10.0.0.0, Culture=neutral, PublicKeyToken=b03f5f7f11d50a3a" className="Project1.LadderTests, Project1VSTests, Version=1.0.0.0, Culture=neutral, PublicKeyToken=null" name="FindMultiplePlayersFromListWithSameRank" />
    </UnitTest>
    <UnitTest name="AddPlayerToEmptyList" storage="c:\personal\go\testproject1\project1vstests\bin\debug\project1vstests.dll" id="9c7cd945-ae56-70d6-75ed-6d2cb2527a98">
      <Execution id="f29f5a49-c39c-4f36-818b-b44ee001f48e" />
      <TestMethod codeBase="C:/Personal/Go/TestProject1/Project1VSTests/bin/Debug/Project1VSTests.DLL" adapterTypeName="Microsoft.VisualStudio.TestTools.TestTypes.Unit.UnitTestAdapter, Microsoft.VisualStudio.QualityTools.Tips.UnitTest.Adapter, Version=10.0.0.0, Culture=neutral, PublicKeyToken=b03f5f7f11d50a3a" className="Project1.LadderTests, Project1VSTests, Version=1.0.0.0, Culture=neutral, PublicKeyToken=null" name="AddPlayerToEmptyList" />
    </UnitTest>
    <UnitTest name="GetAndSetKome" storage="c:\personal\go\testproject1\project1vstests\bin\debug\project1vstests.dll" id="cfdd0afd-a0ff-6599-daed-2d0922d73600">
      <Execution id="c6898c1c-d32e-4fed-93b0-be8902b74813" />
      <TestMethod codeBase="C:/Personal/Go/TestProject1/Project1VSTests/bin/Debug/Project1VSTests.DLL" adapterTypeName="Microsoft.VisualStudio.TestTools.TestTypes.Unit.UnitTestAdapter, Microsoft.VisualStudio.QualityTools.Tips.UnitTest.Adapter, Version=10.0.0.0, Culture=neutral, PublicKeyToken=b03f5f7f11d50a3a" className="Project1.GameTests, Project1VSTests, Version=1.0.0.0, Culture=neutral, PublicKeyToken=null" name="GetAndSetKome" />
    </UnitTest>
    <UnitTest name="SetAndGetPlayerName" storage="c:\personal\go\testproject1\project1vstests\bin\debug\project1vstests.dll" id="67059977-9af9-0f9c-579a-97c264c1fea9">
      <Execution id="919fad5c-12d0-4b5a-805a-ab12b149d029" />
      <TestMethod codeBase="C:/Personal/Go/TestProject1/Project1VSTests/bin/Debug/Project1VSTests.DLL" adapterTypeName="Microsoft.VisualStudio.TestTools.TestTypes.Unit.UnitTestAdapter, Microsoft.VisualStudio.QualityTools.Tips.UnitTest.Adapter, Version=10.0.0.0, Culture=neutral, PublicKeyToken=b03f5f7f11d50a3a" className="Project1.PlayerTests, Project1VSTests, Version=1.0.0.0, Culture=neutral, PublicKeyToken=null" name="SetAndGetPlayerName" />
    </UnitTest>
    <UnitTest name="SetAndGetRankNumber" storage="c:\personal\go\testproject1\project1vstests\bin\debug\project1vstests.dll" id="d773416e-fef5-3b6e-144e-948cb8ea0d98">
      <Execution id="80af6cbf-7e83-4285-a7d0-3cabf46a359b" />
      <TestMethod codeBase="C:/Personal/Go/TestProject1/Project1VSTests/bin/Debug/Project1VSTests.DLL" adapterTypeName="Microsoft.VisualStudio.TestTools.TestTypes.Unit.UnitTestAdapter, Microsoft.VisualStudio.QualityTools.Tips.UnitTest.Adapter, Version=10.0.0.0, Culture=neutral, PublicKeyToken=b03f5f7f11d50a3a" className="Project1.RankTests, Project1VSTests, Version=1.0.0.0, Culture=neutral, PublicKeyToken=null" name="SetAndGetRankNumber" />
    </UnitTest>
    <UnitTest name="SetAndGetRungPosition" storage="c:\personal\go\testproject1\project1vstests\bin\debug\project1vstests.dll" id="905be7a8-7e05-39eb-8812-44a945cef830">
      <Execution id="b80429a4-a560-4a14-b306-40621110164d" />
      <TestMethod codeBase="C:/Personal/Go/TestProject1/Project1VSTests/bin/Debug/Project1VSTests.DLL" adapterTypeName="Microsoft.VisualStudio.TestTools.TestTypes.Unit.UnitTestAdapter, Microsoft.VisualStudio.QualityTools.Tips.UnitTest.Adapter, Version=10.0.0.0, Culture=neutral, PublicKeyToken=b03f5f7f11d50a3a" className="Project1.RankTests, Project1VSTests, Version=1.0.0.0, Culture=neutral, PublicKeyToken=null" name="SetAndGetRungPosition" />
    </UnitTest>
    <UnitTest name="MoveDownLowRankSameRung" storage="c:\personal\go\testproject1\project1vstests\bin\debug\project1vstests.dll" id="ae891c73-20d7-5d76-f328-312bfa18c043">
      <Execution id="59395bea-4aa7-4310-a462-1a6315e895fc" />
      <TestMethod codeBase="C:/Personal/Go/TestProject1/Project1VSTests/bin/Debug/Project1VSTests.DLL" adapterTypeName="Microsoft.VisualStudio.TestTools.TestTypes.Unit.UnitTestAdapter, Microsoft.VisualStudio.QualityTools.Tips.UnitTest.Adapter, Version=10.0.0.0, Culture=neutral, PublicKeyToken=b03f5f7f11d50a3a" className="Project1.RankTests, Project1VSTests, Version=1.0.0.0, Culture=neutral, PublicKeyToken=null" name="MoveDownLowRankSameRung" />
    </UnitTest>
    <UnitTest name="AddingGamesIncreasesTheCounter" storage="c:\personal\go\testproject1\project1vstests\bin\debug\project1vstests.dll" id="f42d09ae-52a3-200f-0901-bbee3d444db0">
      <Execution id="55df3334-1758-4135-8169-de6cdbb7076c" />
      <TestMethod codeBase="C:/Personal/Go/TestProject1/Project1VSTests/bin/Debug/Project1VSTests.DLL" adapterTypeName="Microsoft.VisualStudio.TestTools.TestTypes.Unit.UnitTestAdapter, Microsoft.VisualStudio.QualityTools.Tips.UnitTest.Adapter, Version=10.0.0.0, Culture=neutral, PublicKeyToken=b03f5f7f11d50a3a" className="Project1.LadderTests, Project1VSTests, Version=1.0.0.0, Culture=neutral, PublicKeyToken=null" name="AddingGamesIncreasesTheCounter" />
    </UnitTest>
    <UnitTest name="GetAndSetPlayerIDs" storage="c:\personal\go\testproject1\project1vstests\bin\debug\project1vstests.dll" id="1f0fbcf2-6581-ef86-a08f-6fd33cfce2ec">
      <Execution id="dfef5e77-286c-465e-be7b-a787e3699259" />
      <TestMethod codeBase="C:/Personal/Go/TestProject1/Project1VSTests/bin/Debug/Project1VSTests.DLL" adapterTypeName="Microsoft.VisualStudio.TestTools.TestTypes.Unit.UnitTestAdapter, Microsoft.VisualStudio.QualityTools.Tips.UnitTest.Adapter, Version=10.0.0.0, Culture=neutral, PublicKeyToken=b03f5f7f11d50a3a" className="Project1.GameTests, Project1VSTests, Version=1.0.0.0, Culture=neutral, PublicKeyToken=null" name="GetAndSetPlayerIDs" />
    </UnitTest>
    <UnitTest name="MoveDownLowRankDownARung" storage="c:\personal\go\testproject1\project1vstests\bin\debug\project1vstests.dll" id="4f9e1d56-3488-73dc-57ff-29733bf87e53">
      <Execution id="e8a38d41-7809-4495-9245-48eeedf7b7df" />
      <TestMethod codeBase="C:/Personal/Go/TestProject1/Project1VSTests/bin/Debug/Project1VSTests.DLL" adapterTypeName="Microsoft.VisualStudio.TestTools.TestTypes.Unit.UnitTestAdapter, Microsoft.VisualStudio.QualityTools.Tips.UnitTest.Adapter, Version=10.0.0.0, Culture=neutral, PublicKeyToken=b03f5f7f11d50a3a" className="Project1.RankTests, Project1VSTests, Version=1.0.0.0, Culture=neutral, PublicKeyToken=null" name="MoveDownLowRankDownARung" />
    </UnitTest>
    <UnitTest name="MoveUpLadderMiddleRankSameRung" storage="c:\personal\go\testproject1\project1vstests\bin\debug\project1vstests.dll" id="c742a09f-f8a7-bcd1-20b1-7943bfc33032">
      <Execution id="05da3431-1603-4684-b40c-ab3952038883" />
      <TestMethod codeBase="C:/Personal/Go/TestProject1/Project1VSTests/bin/Debug/Project1VSTests.DLL" adapterTypeName="Microsoft.VisualStudio.TestTools.TestTypes.Unit.UnitTestAdapter, Microsoft.VisualStudio.QualityTools.Tips.UnitTest.Adapter, Version=10.0.0.0, Culture=neutral, PublicKeyToken=b03f5f7f11d50a3a" className="Project1.RankTests, Project1VSTests, Version=1.0.0.0, Culture=neutral, PublicKeyToken=null" name="MoveUpLadderMiddleRankSameRung" />
    </UnitTest>
    <UnitTest name="SetRankThroughConstructor" storage="c:\personal\go\testproject1\project1vstests\bin\debug\project1vstests.dll" id="e4bdd4dc-077a-bfcc-95b9-34c52cea8f78">
      <Execution id="20b925e9-936a-417a-877a-76d34a8aa525" />
      <TestMethod codeBase="C:/Personal/Go/TestProject1/Project1VSTests/bin/Debug/Project1VSTests.DLL" adapterTypeName="Microsoft.VisualStudio.TestTools.TestTypes.Unit.UnitTestAdapter, Microsoft.VisualStudio.QualityTools.Tips.UnitTest.Adapter, Version=10.0.0.0, Culture=neutral, PublicKeyToken=b03f5f7f11d50a3a" className="Project1.RankTests, Project1VSTests, Version=1.0.0.0, Culture=neutral, PublicKeyToken=null" name="SetRankThroughConstructor" />
    </UnitTest>
    <UnitTest name="GetPlayerList" storage="c:\personal\go\testproject1\project1vstests\bin\debug\project1vstests.dll" id="dcdeb500-633d-bf44-5247-029b959a498e">
      <Execution id="7149ae1f-e34e-48d0-a047-e26e4a0fa485" />
      <TestMethod codeBase="C:/Personal/Go/TestProject1/Project1VSTests/bin/Debug/Project1VSTests.DLL" adapterTypeName="Microsoft.VisualStudio.TestTools.TestTypes.Unit.UnitTestAdapter, Microsoft.VisualStudio.QualityTools.Tips.UnitTest.Adapter, Version=10.0.0.0, Culture=neutral, PublicKeyToken=b03f5f7f11d50a3a" className="Project1.LadderTests, Project1VSTests, Version=1.0.0.0, Culture=neutral, PublicKeyToken=null" name="GetPlayerList" />
    </UnitTest>
    <UnitTest name="GetAndSetGameDetailsThroughConstructor" storage="c:\personal\go\testproject1\project1vstests\bin\debug\project1vstests.dll" id="cd222bde-05e0-66f9-2698-02ea106ea06e">
      <Execution id="486a83ac-1f34-48ef-9c63-78a101c5034e" />
      <TestMethod codeBase="C:/Personal/Go/TestProject1/Project1VSTests/bin/Debug/Project1VSTests.DLL" adapterTypeName="Microsoft.VisualStudio.TestTools.TestTypes.Unit.UnitTestAdapter, Microsoft.VisualStudio.QualityTools.Tips.UnitTest.Adapter, Version=10.0.0.0, Culture=neutral, PublicKeyToken=b03f5f7f11d50a3a" className="Project1.GameTests, Project1VSTests, Version=1.0.0.0, Culture=neutral, PublicKeyToken=null" name="GetAndSetGameDetailsThroughConstructor" />
    </UnitTest>
    <UnitTest name="TestMethod1" storage="c:\personal\go\testproject1\project1vstests\bin\debug\project1vstests.dll" id="a196d2db-b595-47e8-0f85-ff9cf91d15cd">
      <Execution id="0917d64a-bc43-4c1f-8253-507a600b8e5d" />
      <TestMethod codeBase="C:/Personal/Go/TestProject1/Project1VSTests/bin/Debug/Project1VSTests.DLL" adapterTypeName="Microsoft.VisualStudio.TestTools.TestTypes.Unit.UnitTestAdapter, Microsoft.VisualStudio.QualityTools.Tips.UnitTest.Adapter, Version=10.0.0.0, Culture=neutral, PublicKeyToken=b03f5f7f11d50a3a" className="Project1VSTests.UnitTest1, Project1VSTests, Version=1.0.0.0, Culture=neutral, PublicKeyToken=null" name="TestMethod1" />
    </UnitTest>
    <UnitTest name="SetRankAndRungThroughConstructor" storage="c:\personal\go\testproject1\project1vstests\bin\debug\project1vstests.dll" id="696749bd-8b0e-3c67-b880-8439a4e40a03">
      <Execution id="0a3f54ce-d044-4173-a4cd-c928984e8d21" />
      <TestMethod codeBase="C:/Personal/Go/TestProject1/Project1VSTests/bin/Debug/Project1VSTests.DLL" adapterTypeName="Microsoft.VisualStudio.TestTools.TestTypes.Unit.UnitTestAdapter, Microsoft.VisualStudio.QualityTools.Tips.UnitTest.Adapter, Version=10.0.0.0, Culture=neutral, PublicKeyToken=b03f5f7f11d50a3a" className="Project1.RankTests, Project1VSTests, Version=1.0.0.0, Culture=neutral, PublicKeyToken=null" name="SetRankAndRungThroughConstructor" />
    </UnitTest>
    <UnitTest name="FindPlayerFromListWithRank" storage="c:\personal\go\testproject1\project1vstests\bin\debug\project1vstests.dll" id="a24bee60-f458-a544-3227-7790753b1431">
      <Execution id="f66473b4-6b09-47a5-bd98-0b07dffdbe2b" />
      <TestMethod codeBase="C:/Personal/Go/TestProject1/Project1VSTests/bin/Debug/Project1VSTests.DLL" adapterTypeName="Microsoft.VisualStudio.TestTools.TestTypes.Unit.UnitTestAdapter, Microsoft.VisualStudio.QualityTools.Tips.UnitTest.Adapter, Version=10.0.0.0, Culture=neutral, PublicKeyToken=b03f5f7f11d50a3a" className="Project1.LadderTests, Project1VSTests, Version=1.0.0.0, Culture=neutral, PublicKeyToken=null" name="FindPlayerFromListWithRank" />
    </UnitTest>
    <UnitTest name="MoveDownHighRankSameRung" storage="c:\personal\go\testproject1\project1vstests\bin\debug\project1vstests.dll" id="c49ee672-b73a-bc6c-ef5b-ba89f980a4ad">
      <Execution id="4d502c4d-4c51-4599-91b7-60682615181a" />
      <TestMethod codeBase="C:/Personal/Go/TestProject1/Project1VSTests/bin/Debug/Project1VSTests.DLL" adapterTypeName="Microsoft.VisualStudio.TestTools.TestTypes.Unit.UnitTestAdapter, Microsoft.VisualStudio.QualityTools.Tips.UnitTest.Adapter, Version=10.0.0.0, Culture=neutral, PublicKeyToken=b03f5f7f11d50a3a" className="Project1.RankTests, Project1VSTests, Version=1.0.0.0, Culture=neutral, PublicKeyToken=null" name="MoveDownHighRankSameRung" />
    </UnitTest>
    <UnitTest name="MoveDownMidRankDownARung" storage="c:\personal\go\testproject1\project1vstests\bin\debug\project1vstests.dll" id="bae7745a-4345-aa97-8f60-00319ccaf741">
      <Execution id="89b6d4af-c375-4196-b1c8-b8202bfb2004" />
      <TestMethod codeBase="C:/Personal/Go/TestProject1/Project1VSTests/bin/Debug/Project1VSTests.DLL" adapterTypeName="Microsoft.VisualStudio.TestTools.TestTypes.Unit.UnitTestAdapter, Microsoft.VisualStudio.QualityTools.Tips.UnitTest.Adapter, Version=10.0.0.0, Culture=neutral, PublicKeyToken=b03f5f7f11d50a3a" className="Project1.RankTests, Project1VSTests, Version=1.0.0.0, Culture=neutral, PublicKeyToken=null" name="MoveDownMidRankDownARung" />
    </UnitTest>
    <UnitTest name="DontMoveUpLadderMaxRankAndRung" storage="c:\personal\go\testproject1\project1vstests\bin\debug\project1vstests.dll" id="707c250f-7066-876a-084e-a2f9385e4478">
      <Execution id="d8a93cbe-4402-43fe-b9f9-d55d125bbdc7" />
      <TestMethod codeBase="C:/Personal/Go/TestProject1/Project1VSTests/bin/Debug/Project1VSTests.DLL" adapterTypeName="Microsoft.VisualStudio.TestTools.TestTypes.Unit.UnitTestAdapter, Microsoft.VisualStudio.QualityTools.Tips.UnitTest.Adapter, Version=10.0.0.0, Culture=neutral, PublicKeyToken=b03f5f7f11d50a3a" className="Project1.RankTests, Project1VSTests, Version=1.0.0.0, Culture=neutral, PublicKeyToken=null" name="DontMoveUpLadderMaxRankAndRung" />
    </UnitTest>
    <UnitTest name="NewLadderHasNoGames" storage="c:\personal\go\testproject1\project1vstests\bin\debug\project1vstests.dll" id="7a3046a4-7408-bf7f-c22c-0609c577acfc">
      <Execution id="ddf58bf6-c633-4f33-9412-98843843bbc5" />
      <TestMethod codeBase="C:/Personal/Go/TestProject1/Project1VSTests/bin/Debug/Project1VSTests.DLL" adapterTypeName="Microsoft.VisualStudio.TestTools.TestTypes.Unit.UnitTestAdapter, Microsoft.VisualStudio.QualityTools.Tips.UnitTest.Adapter, Version=10.0.0.0, Culture=neutral, PublicKeyToken=b03f5f7f11d50a3a" className="Project1.LadderTests, Project1VSTests, Version=1.0.0.0, Culture=neutral, PublicKeyToken=null" name="NewLadderHasNoGames" />
    </UnitTest>
    <UnitTest name="GetNameofLastPlayerInList" storage="c:\personal\go\testproject1\project1vstests\bin\debug\project1vstests.dll" id="df81cc9e-0f81-56b6-437b-3ea19bc5fcee">
      <Execution id="21f2f823-dda2-4794-9cdf-a2cc88f82b73" />
      <TestMethod codeBase="C:/Personal/Go/TestProject1/Project1VSTests/bin/Debug/Project1VSTests.DLL" adapterTypeName="Microsoft.VisualStudio.TestTools.TestTypes.Unit.UnitTestAdapter, Microsoft.VisualStudio.QualityTools.Tips.UnitTest.Adapter, Version=10.0.0.0, Culture=neutral, PublicKeyToken=b03f5f7f11d50a3a" className="Project1.LadderTests, Project1VSTests, Version=1.0.0.0, Culture=neutral, PublicKeyToken=null" name="GetNameofLastPlayerInList" />
    </UnitTest>
    <UnitTest name="SetAndGetPlayerID" storage="c:\personal\go\testproject1\project1vstests\bin\debug\project1vstests.dll" id="2a5a8da3-8c92-50ab-0864-63a216de8ddd">
      <Execution id="b5f8ce69-5989-479c-9476-487711d88627" />
      <TestMethod codeBase="C:/Personal/Go/TestProject1/Project1VSTests/bin/Debug/Project1VSTests.DLL" adapterTypeName="Microsoft.VisualStudio.TestTools.TestTypes.Unit.UnitTestAdapter, Microsoft.VisualStudio.QualityTools.Tips.UnitTest.Adapter, Version=10.0.0.0, Culture=neutral, PublicKeyToken=b03f5f7f11d50a3a" className="Project1.PlayerTests, Project1VSTests, Version=1.0.0.0, Culture=neutral, PublicKeyToken=null" name="SetAndGetPlayerID" />
    </UnitTest>
    <UnitTest name="DeletingLastPlayerInListAndAddingPlayerAfterwards" storage="c:\personal\go\testproject1\project1vstests\bin\debug\project1vstests.dll" id="4725964d-137f-9e85-7745-acc949cbd904">
      <Execution id="6e8a490b-f934-4dd3-853f-32d5a28c866e" />
      <TestMethod codeBase="C:/Personal/Go/TestProject1/Project1VSTests/bin/Debug/Project1VSTests.DLL" adapterTypeName="Microsoft.VisualStudio.TestTools.TestTypes.Unit.UnitTestAdapter, Microsoft.VisualStudio.QualityTools.Tips.UnitTest.Adapter, Version=10.0.0.0, Culture=neutral, PublicKeyToken=b03f5f7f11d50a3a" className="Project1.LadderTests, Project1VSTests, Version=1.0.0.0, Culture=neutral, PublicKeyToken=null" name="DeletingLastPlayerInListAndAddingPlayerAfterwards" />
    </UnitTest>
    <UnitTest name="MoveDownMidRankSameRung" storage="c:\personal\go\testproject1\project1vstests\bin\debug\project1vstests.dll" id="f8c40a45-ee90-819c-6717-2648ff00657f">
      <Execution id="db901df6-c2cb-46fa-9016-30aa8de864b1" />
      <TestMethod codeBase="C:/Personal/Go/TestProject1/Project1VSTests/bin/Debug/Project1VSTests.DLL" adapterTypeName="Microsoft.VisualStudio.TestTools.TestTypes.Unit.UnitTestAdapter, Microsoft.VisualStudio.QualityTools.Tips.UnitTest.Adapter, Version=10.0.0.0, Culture=neutral, PublicKeyToken=b03f5f7f11d50a3a" className="Project1.RankTests, Project1VSTests, Version=1.0.0.0, Culture=neutral, PublicKeyToken=null" name="MoveDownMidRankSameRung" />
    </UnitTest>
    <UnitTest name="MoveUpLadderMiddleRankUpARung" storage="c:\personal\go\testproject1\project1vstests\bin\debug\project1vstests.dll" id="b30a6818-dbc9-f1df-a7b3-fa7d73c7249e">
      <Execution id="c9bb2610-12cb-4096-b074-8c753b17596e" />
      <TestMethod codeBase="C:/Personal/Go/TestProject1/Project1VSTests/bin/Debug/Project1VSTests.DLL" adapterTypeName="Microsoft.VisualStudio.TestTools.TestTypes.Unit.UnitTestAdapter, Microsoft.VisualStudio.QualityTools.Tips.UnitTest.Adapter, Version=10.0.0.0, Culture=neutral, PublicKeyToken=b03f5f7f11d50a3a" className="Project1.RankTests, Project1VSTests, Version=1.0.0.0, Culture=neutral, PublicKeyToken=null" name="MoveUpLadderMiddleRankUpARung" />
    </UnitTest>
  </TestDefinitions>
  <TestLists>
    <TestList name="Results Not in a List" id="8c84fa94-04c1-424b-9868-57a2d4851a1d" />
    <TestList name="All Loaded Results" id="19431567-8539-422a-85d7-44ee4e166bda" />
  </TestLists>
  <TestEntries>
    <TestEntry testId="a196d2db-b595-47e8-0f85-ff9cf91d15cd" executionId="0917d64a-bc43-4c1f-8253-507a600b8e5d" testListId="8c84fa94-04c1-424b-9868-57a2d4851a1d" />
    <TestEntry testId="1f0fbcf2-6581-ef86-a08f-6fd33cfce2ec" executionId="dfef5e77-286c-465e-be7b-a787e3699259" testListId="8c84fa94-04c1-424b-9868-57a2d4851a1d" />
    <TestEntry testId="95357a55-a90a-984e-1885-391e86c16de5" executionId="98e70ccc-f8bc-436f-9f13-79d3d33c5117" testListId="8c84fa94-04c1-424b-9868-57a2d4851a1d" />
    <TestEntry testId="c11181c1-a3ce-72fd-52a3-a05ed9a9e47c" executionId="4d3f8753-4ccf-472f-88ad-dc9d2b594065" testListId="8c84fa94-04c1-424b-9868-57a2d4851a1d" />
    <TestEntry testId="cfdd0afd-a0ff-6599-daed-2d0922d73600" executionId="c6898c1c-d32e-4fed-93b0-be8902b74813" testListId="8c84fa94-04c1-424b-9868-57a2d4851a1d" />
    <TestEntry testId="cd222bde-05e0-66f9-2698-02ea106ea06e" executionId="486a83ac-1f34-48ef-9c63-78a101c5034e" testListId="8c84fa94-04c1-424b-9868-57a2d4851a1d" />
    <TestEntry testId="d0c1f593-6311-123a-0e86-11e9e47b56f1" executionId="11298e55-f20a-43d2-b36e-af9fa71356f9" testListId="8c84fa94-04c1-424b-9868-57a2d4851a1d" />
    <TestEntry testId="9c7cd945-ae56-70d6-75ed-6d2cb2527a98" executionId="f29f5a49-c39c-4f36-818b-b44ee001f48e" testListId="8c84fa94-04c1-424b-9868-57a2d4851a1d" />
    <TestEntry testId="dcdeb500-633d-bf44-5247-029b959a498e" executionId="7149ae1f-e34e-48d0-a047-e26e4a0fa485" testListId="8c84fa94-04c1-424b-9868-57a2d4851a1d" />
    <TestEntry testId="bf2d210f-499d-db34-fdc7-38401fadd68c" executionId="e7145306-bd5b-474f-94cb-022a98d2d6ef" testListId="8c84fa94-04c1-424b-9868-57a2d4851a1d" />
    <TestEntry testId="df81cc9e-0f81-56b6-437b-3ea19bc5fcee" executionId="21f2f823-dda2-4794-9cdf-a2cc88f82b73" testListId="8c84fa94-04c1-424b-9868-57a2d4851a1d" />
    <TestEntry testId="fd85e99d-a608-c68f-dc6c-26c250b86ddb" executionId="979595d0-8a01-4af3-a5dc-17c6ccf76264" testListId="8c84fa94-04c1-424b-9868-57a2d4851a1d" />
    <TestEntry testId="9d466d43-57e0-e13f-406f-a50d15eddf06" executionId="e588c18d-64c4-4095-9e63-8014a419f5f9" testListId="8c84fa94-04c1-424b-9868-57a2d4851a1d" />
    <TestEntry testId="63417751-7623-be38-a4d3-37490ad4706f" executionId="a35d4e55-4a4e-46d6-8c9d-509b2993003a" testListId="8c84fa94-04c1-424b-9868-57a2d4851a1d" />
    <TestEntry testId="a24bee60-f458-a544-3227-7790753b1431" executionId="f66473b4-6b09-47a5-bd98-0b07dffdbe2b" testListId="8c84fa94-04c1-424b-9868-57a2d4851a1d" />
    <TestEntry testId="600ddbfa-ef02-6d8c-d2c3-758d98370518" executionId="ba3dc0da-66c9-42a1-994d-0b94cbc1bced" testListId="8c84fa94-04c1-424b-9868-57a2d4851a1d" />
    <TestEntry testId="4728f28a-4d7d-4b7e-5fa3-82896872a9b7" executionId="1b69a996-364b-4af2-837e-0ea046352b5d" testListId="8c84fa94-04c1-424b-9868-57a2d4851a1d" />
    <TestEntry testId="4725964d-137f-9e85-7745-acc949cbd904" executionId="6e8a490b-f934-4dd3-853f-32d5a28c866e" testListId="8c84fa94-04c1-424b-9868-57a2d4851a1d" />
    <TestEntry testId="7a3046a4-7408-bf7f-c22c-0609c577acfc" executionId="ddf58bf6-c633-4f33-9412-98843843bbc5" testListId="8c84fa94-04c1-424b-9868-57a2d4851a1d" />
    <TestEntry testId="f42d09ae-52a3-200f-0901-bbee3d444db0" executionId="55df3334-1758-4135-8169-de6cdbb7076c" testListId="8c84fa94-04c1-424b-9868-57a2d4851a1d" />
    <TestEntry testId="c8c2dc19-5f39-1c20-c766-3762219651c1" executionId="f3e33bd7-8d2d-4dca-b6ef-73714d1b0ff7" testListId="8c84fa94-04c1-424b-9868-57a2d4851a1d" />
    <TestEntry testId="67059977-9af9-0f9c-579a-97c264c1fea9" executionId="919fad5c-12d0-4b5a-805a-ab12b149d029" testListId="8c84fa94-04c1-424b-9868-57a2d4851a1d" />
    <TestEntry testId="2a5a8da3-8c92-50ab-0864-63a216de8ddd" executionId="b5f8ce69-5989-479c-9476-487711d88627" testListId="8c84fa94-04c1-424b-9868-57a2d4851a1d" />
    <TestEntry testId="e1e7dca0-9e9e-6051-146d-d722cd8342c2" executionId="90120f3d-a56d-430d-8bbe-60e3e582e397" testListId="8c84fa94-04c1-424b-9868-57a2d4851a1d" />
    <TestEntry testId="4c58c331-f849-3000-be35-14d9061a5823" executionId="5a94434f-75d1-40c8-97a2-76be055bfbd5" testListId="8c84fa94-04c1-424b-9868-57a2d4851a1d" />
    <TestEntry testId="b9a76c99-9145-d3be-9648-207ab5a64d1d" executionId="5e3e18e5-35f6-463f-b431-1182f8a2dbb2" testListId="8c84fa94-04c1-424b-9868-57a2d4851a1d" />
    <TestEntry testId="d773416e-fef5-3b6e-144e-948cb8ea0d98" executionId="80af6cbf-7e83-4285-a7d0-3cabf46a359b" testListId="8c84fa94-04c1-424b-9868-57a2d4851a1d" />
    <TestEntry testId="905be7a8-7e05-39eb-8812-44a945cef830" executionId="b80429a4-a560-4a14-b306-40621110164d" testListId="8c84fa94-04c1-424b-9868-57a2d4851a1d" />
    <TestEntry testId="bc5bb353-beec-1029-110e-45d43b7d36de" executionId="e6f14d36-c8ea-438a-be0a-7cde54f5e513" testListId="8c84fa94-04c1-424b-9868-57a2d4851a1d" />
    <TestEntry testId="e4bdd4dc-077a-bfcc-95b9-34c52cea8f78" executionId="20b925e9-936a-417a-877a-76d34a8aa525" testListId="8c84fa94-04c1-424b-9868-57a2d4851a1d" />
    <TestEntry testId="696749bd-8b0e-3c67-b880-8439a4e40a03" executionId="0a3f54ce-d044-4173-a4cd-c928984e8d21" testListId="8c84fa94-04c1-424b-9868-57a2d4851a1d" />
    <TestEntry testId="9f4bcc68-cea5-1bd3-1613-dab28d76f1f1" executionId="3977ff03-a09b-4d8d-936e-96fef647cd9e" testListId="8c84fa94-04c1-424b-9868-57a2d4851a1d" />
    <TestEntry testId="b216a52f-2c4d-0364-703c-8d5add28730d" executionId="a9a0957a-5342-45f1-a388-c2d070188925" testListId="8c84fa94-04c1-424b-9868-57a2d4851a1d" />
    <TestEntry testId="b30a6818-dbc9-f1df-a7b3-fa7d73c7249e" executionId="c9bb2610-12cb-4096-b074-8c753b17596e" testListId="8c84fa94-04c1-424b-9868-57a2d4851a1d" />
    <TestEntry testId="c742a09f-f8a7-bcd1-20b1-7943bfc33032" executionId="05da3431-1603-4684-b40c-ab3952038883" testListId="8c84fa94-04c1-424b-9868-57a2d4851a1d" />
    <TestEntry testId="4d603034-9b20-4167-7863-d6342775eb94" executionId="d834b5cd-c2ee-43c7-8aff-58e92e918081" testListId="8c84fa94-04c1-424b-9868-57a2d4851a1d" />
    <TestEntry testId="d6c5c455-0200-0c5f-1ca0-f844ca7cc5e6" executionId="59a80b11-16e8-4f12-a83c-7a32a8d86e60" testListId="8c84fa94-04c1-424b-9868-57a2d4851a1d" />
    <TestEntry testId="707c250f-7066-876a-084e-a2f9385e4478" executionId="d8a93cbe-4402-43fe-b9f9-d55d125bbdc7" testListId="8c84fa94-04c1-424b-9868-57a2d4851a1d" />
    <TestEntry testId="ae891c73-20d7-5d76-f328-312bfa18c043" executionId="59395bea-4aa7-4310-a462-1a6315e895fc" testListId="8c84fa94-04c1-424b-9868-57a2d4851a1d" />
    <TestEntry testId="4f9e1d56-3488-73dc-57ff-29733bf87e53" executionId="e8a38d41-7809-4495-9245-48eeedf7b7df" testListId="8c84fa94-04c1-424b-9868-57a2d4851a1d" />
    <TestEntry testId="f8c40a45-ee90-819c-6717-2648ff00657f" executionId="db901df6-c2cb-46fa-9016-30aa8de864b1" testListId="8c84fa94-04c1-424b-9868-57a2d4851a1d" />
    <TestEntry testId="bae7745a-4345-aa97-8f60-00319ccaf741" executionId="89b6d4af-c375-4196-b1c8-b8202bfb2004" testListId="8c84fa94-04c1-424b-9868-57a2d4851a1d" />
    <TestEntry testId="c49ee672-b73a-bc6c-ef5b-ba89f980a4ad" executionId="4d502c4d-4c51-4599-91b7-60682615181a" testListId="8c84fa94-04c1-424b-9868-57a2d4851a1d" />
    <TestEntry testId="bed63836-32d0-838c-d496-ce4fc91f6c1f" executionId="bcebe26f-98ea-432c-bb2d-48faf4c0b459" testListId="8c84fa94-04c1-424b-9868-57a2d4851a1d" />
    <TestEntry testId="1e309648-fdb7-1ca9-2ccb-3341883b6e78" executionId="723f933e-e722-46b0-8f35-8dcdc8fd2a2a" testListId="8c84fa94-04c1-424b-9868-57a2d4851a1d" />
  </TestEntries>
  <Results>
    <UnitTestResult executionId="0917d64a-bc43-4c1f-8253-507a600b8e5d" testId="a196d2db-b595-47e8-0f85-ff9cf91d15cd" testName="TestMethod1" computerName="ADI" duration="00:00:00.0159089" startTime="2012-11-22T23:49:44.7966926+00:00" endTime="2012-11-22T23:49:45.0227055+00:00" testType="13cdc9d9-ddb5-4fa4-a97d-d965ccfc6d4b" outcome="Passed" testListId="8c84fa94-04c1-424b-9868-57a2d4851a1d" relativeResultsDirectory="0917d64a-bc43-4c1f-8253-507a600b8e5d">
    </UnitTestResult>
    <UnitTestResult executionId="dfef5e77-286c-465e-be7b-a787e3699259" testId="1f0fbcf2-6581-ef86-a08f-6fd33cfce2ec" testName="GetAndSetPlayerIDs" computerName="ADI" duration="00:00:00.0037939" startTime="2012-11-22T23:49:45.0277058+00:00" endTime="2012-11-22T23:49:45.0347062+00:00" testType="13cdc9d9-ddb5-4fa4-a97d-d965ccfc6d4b" outcome="Passed" testListId="8c84fa94-04c1-424b-9868-57a2d4851a1d" relativeResultsDirectory="dfef5e77-286c-465e-be7b-a787e3699259">
    </UnitTestResult>
    <UnitTestResult executionId="98e70ccc-f8bc-436f-9f13-79d3d33c5117" testId="95357a55-a90a-984e-1885-391e86c16de5" testName="GetAndSetGameIDs" computerName="ADI" duration="00:00:00.0004696" startTime="2012-11-22T23:49:45.0397065+00:00" endTime="2012-11-22T23:49:45.0437067+00:00" testType="13cdc9d9-ddb5-4fa4-a97d-d965ccfc6d4b" outcome="Passed" testListId="8c84fa94-04c1-424b-9868-57a2d4851a1d" relativeResultsDirectory="98e70ccc-f8bc-436f-9f13-79d3d33c5117">
    </UnitTestResult>
    <UnitTestResult executionId="4d3f8753-4ccf-472f-88ad-dc9d2b594065" testId="c11181c1-a3ce-72fd-52a3-a05ed9a9e47c" testName="GetAndSetResult" computerName="ADI" duration="00:00:00.0015646" startTime="2012-11-22T23:49:45.0487070+00:00" endTime="2012-11-22T23:49:45.0537073+00:00" testType="13cdc9d9-ddb5-4fa4-a97d-d965ccfc6d4b" outcome="Passed" testListId="8c84fa94-04c1-424b-9868-57a2d4851a1d" relativeResultsDirectory="4d3f8753-4ccf-472f-88ad-dc9d2b594065">
    </UnitTestResult>
    <UnitTestResult executionId="c6898c1c-d32e-4fed-93b0-be8902b74813" testId="cfdd0afd-a0ff-6599-daed-2d0922d73600" testName="GetAndSetKome" computerName="ADI" duration="00:00:00.0004739" startTime="2012-11-22T23:49:45.0577075+00:00" endTime="2012-11-22T23:49:45.0627078+00:00" testType="13cdc9d9-ddb5-4fa4-a97d-d965ccfc6d4b" outcome="Passed" testListId="8c84fa94-04c1-424b-9868-57a2d4851a1d" relativeResultsDirectory="c6898c1c-d32e-4fed-93b0-be8902b74813">
    </UnitTestResult>
    <UnitTestResult executionId="486a83ac-1f34-48ef-9c63-78a101c5034e" testId="cd222bde-05e0-66f9-2698-02ea106ea06e" testName="GetAndSetGameDetailsThroughConstructor" computerName="ADI" duration="00:00:00.0004161" startTime="2012-11-22T23:49:45.0657080+00:00" endTime="2012-11-22T23:49:45.0697082+00:00" testType="13cdc9d9-ddb5-4fa4-a97d-d965ccfc6d4b" outcome="Passed" testListId="8c84fa94-04c1-424b-9868-57a2d4851a1d" relativeResultsDirectory="486a83ac-1f34-48ef-9c63-78a101c5034e">
    </UnitTestResult>
    <UnitTestResult executionId="11298e55-f20a-43d2-b36e-af9fa71356f9" testId="d0c1f593-6311-123a-0e86-11e9e47b56f1" testName="NumberOfPlayersIsZeroWhenLadderIsCreated" computerName="ADI" duration="00:00:00.0010594" startTime="2012-11-22T23:49:45.0747085+00:00" endTime="2012-11-22T23:49:45.0787087+00:00" testType="13cdc9d9-ddb5-4fa4-a97d-d965ccfc6d4b" outcome="Passed" testListId="8c84fa94-04c1-424b-9868-57a2d4851a1d" relativeResultsDirectory="11298e55-f20a-43d2-b36e-af9fa71356f9">
    </UnitTestResult>
    <UnitTestResult executionId="f29f5a49-c39c-4f36-818b-b44ee001f48e" testId="9c7cd945-ae56-70d6-75ed-6d2cb2527a98" testName="AddPlayerToEmptyList" computerName="ADI" duration="00:00:00.0014410" startTime="2012-11-22T23:49:45.0837090+00:00" endTime="2012-11-22T23:49:45.0887093+00:00" testType="13cdc9d9-ddb5-4fa4-a97d-d965ccfc6d4b" outcome="Passed" testListId="8c84fa94-04c1-424b-9868-57a2d4851a1d" relativeResultsDirectory="f29f5a49-c39c-4f36-818b-b44ee001f48e">
    </UnitTestResult>
    <UnitTestResult executionId="7149ae1f-e34e-48d0-a047-e26e4a0fa485" testId="dcdeb500-633d-bf44-5247-029b959a498e" testName="GetPlayerList" computerName="ADI" duration="00:00:00.0003755" startTime="2012-11-22T23:49:45.0927095+00:00" endTime="2012-11-22T23:49:45.0967098+00:00" testType="13cdc9d9-ddb5-4fa4-a97d-d965ccfc6d4b" outcome="Passed" testListId="8c84fa94-04c1-424b-9868-57a2d4851a1d" relativeResultsDirectory="7149ae1f-e34e-48d0-a047-e26e4a0fa485">
    </UnitTestResult>
    <UnitTestResult executionId="e7145306-bd5b-474f-94cb-022a98d2d6ef" testId="bf2d210f-499d-db34-fdc7-38401fadd68c" testName="GetIDofLastPlayerInList" computerName="ADI" duration="00:00:00.0006527" startTime="2012-11-22T23:49:45.1007100+00:00" endTime="2012-11-22T23:49:45.1047102+00:00" testType="13cdc9d9-ddb5-4fa4-a97d-d965ccfc6d4b" outcome="Passed" testListId="8c84fa94-04c1-424b-9868-57a2d4851a1d" relativeResultsDirectory="e7145306-bd5b-474f-94cb-022a98d2d6ef">
    </UnitTestResult>
    <UnitTestResult executionId="21f2f823-dda2-4794-9cdf-a2cc88f82b73" testId="df81cc9e-0f81-56b6-437b-3ea19bc5fcee" testName="GetNameofLastPlayerInList" computerName="ADI" duration="00:00:00.0003764" startTime="2012-11-22T23:49:45.1097105+00:00" endTime="2012-11-22T23:49:45.1137107+00:00" testType="13cdc9d9-ddb5-4fa4-a97d-d965ccfc6d4b" outcome="Passed" testListId="8c84fa94-04c1-424b-9868-57a2d4851a1d" relativeResultsDirectory="21f2f823-dda2-4794-9cdf-a2cc88f82b73">
    </UnitTestResult>
    <UnitTestResult executionId="979595d0-8a01-4af3-a5dc-17c6ccf76264" testId="fd85e99d-a608-c68f-dc6c-26c250b86ddb" testName="SuccessfulAdditionOfPlayerReturnsTrue" computerName="ADI" duration="00:00:00.0002356" startTime="2012-11-22T23:49:45.1207111+00:00" endTime="2012-11-22T23:49:45.1247114+00:00" testType="13cdc9d9-ddb5-4fa4-a97d-d965ccfc6d4b" outcome="Passed" testListId="8c84fa94-04c1-424b-9868-57a2d4851a1d" relativeResultsDirectory="979595d0-8a01-4af3-a5dc-17c6ccf76264">
    </UnitTestResult>
    <UnitTestResult executionId="e588c18d-64c4-4095-9e63-8014a419f5f9" testId="9d466d43-57e0-e13f-406f-a50d15eddf06" testName="RemovePlayerDeletesPlayerFromList" computerName="ADI" duration="00:00:00.0148443" startTime="2012-11-22T23:49:45.1287116+00:00" endTime="2012-11-22T23:49:45.1467126+00:00" testType="13cdc9d9-ddb5-4fa4-a97d-d965ccfc6d4b" outcome="Failed" testListId="8c84fa94-04c1-424b-9868-57a2d4851a1d" relativeResultsDirectory="e588c18d-64c4-4095-9e63-8014a419f5f9">
      <Output>
        <ErrorInfo>
          <Message>Assert.IsNull failed. </Message>
          <StackTrace>   at Project1.LadderTests.RemovePlayerDeletesPlayerFromList() in c:\Personal\Go\TestProject1\Project1VSTests\LadderTests.cs:line 95
</StackTrace>
        </ErrorInfo>
      </Output>
    </UnitTestResult>
    <UnitTestResult executionId="a35d4e55-4a4e-46d6-8c9d-509b2993003a" testId="63417751-7623-be38-a4d3-37490ad4706f" testName="FindPlayerFromListWithName" computerName="ADI" duration="00:00:00.0007472" startTime="2012-11-22T23:49:45.1517129+00:00" endTime="2012-11-22T23:49:45.1557131+00:00" testType="13cdc9d9-ddb5-4fa4-a97d-d965ccfc6d4b" outcome="Passed" testListId="8c84fa94-04c1-424b-9868-57a2d4851a1d" relativeResultsDirectory="a35d4e55-4a4e-46d6-8c9d-509b2993003a">
    </UnitTestResult>
    <UnitTestResult executionId="f66473b4-6b09-47a5-bd98-0b07dffdbe2b" testId="a24bee60-f458-a544-3227-7790753b1431" testName="FindPlayerFromListWithRank" computerName="ADI" duration="00:00:00.0008695" startTime="2012-11-22T23:49:45.1607134+00:00" endTime="2012-11-22T23:49:45.1647136+00:00" testType="13cdc9d9-ddb5-4fa4-a97d-d965ccfc6d4b" outcome="Passed" testListId="8c84fa94-04c1-424b-9868-57a2d4851a1d" relativeResultsDirectory="f66473b4-6b09-47a5-bd98-0b07dffdbe2b">
    </UnitTestResult>
    <UnitTestResult executionId="ba3dc0da-66c9-42a1-994d-0b94cbc1bced" testId="600ddbfa-ef02-6d8c-d2c3-758d98370518" testName="FindMultiplePlayersFromListWithSameRank" computerName="ADI" duration="00:00:00.0004610" startTime="2012-11-22T23:49:45.1697139+00:00" endTime="2012-11-22T23:49:45.1727141+00:00" testType="13cdc9d9-ddb5-4fa4-a97d-d965ccfc6d4b" outcome="Passed" testListId="8c84fa94-04c1-424b-9868-57a2d4851a1d" relativeResultsDirectory="ba3dc0da-66c9-42a1-994d-0b94cbc1bced">
    </UnitTestResult>
    <UnitTestResult executionId="1b69a996-364b-4af2-837e-0ea046352b5d" testId="4728f28a-4d7d-4b7e-5fa3-82896872a9b7" testName="DeletingMiddlePlayerInListKeepsOthers" computerName="ADI" duration="00:00:00.0006544" startTime="2012-11-22T23:49:45.1967155+00:00" endTime="2012-11-22T23:49:45.2007157+00:00" testType="13cdc9d9-ddb5-4fa4-a97d-d965ccfc6d4b" outcome="Passed" testListId="8c84fa94-04c1-424b-9868-57a2d4851a1d" relativeResultsDirectory="1b69a996-364b-4af2-837e-0ea046352b5d">
    </UnitTestResult>
    <UnitTestResult executionId="6e8a490b-f934-4dd3-853f-32d5a28c866e" testId="4725964d-137f-9e85-7745-acc949cbd904" testName="DeletingLastPlayerInListAndAddingPlayerAfterwards" computerName="ADI" duration="00:00:00.0006317" startTime="2012-11-22T23:49:45.2067161+00:00" endTime="2012-11-22T23:49:45.2107163+00:00" testType="13cdc9d9-ddb5-4fa4-a97d-d965ccfc6d4b" outcome="Passed" testListId="8c84fa94-04c1-424b-9868-57a2d4851a1d" relativeResultsDirectory="6e8a490b-f934-4dd3-853f-32d5a28c866e">
    </UnitTestResult>
    <UnitTestResult executionId="ddf58bf6-c633-4f33-9412-98843843bbc5" testId="7a3046a4-7408-bf7f-c22c-0609c577acfc" testName="NewLadderHasNoGames" computerName="ADI" duration="00:00:00.0003327" startTime="2012-11-22T23:49:45.2167166+00:00" endTime="2012-11-22T23:49:45.2197168+00:00" testType="13cdc9d9-ddb5-4fa4-a97d-d965ccfc6d4b" outcome="Passed" testListId="8c84fa94-04c1-424b-9868-57a2d4851a1d" relativeResultsDirectory="ddf58bf6-c633-4f33-9412-98843843bbc5">
    </UnitTestResult>
    <UnitTestResult executionId="55df3334-1758-4135-8169-de6cdbb7076c" testId="f42d09ae-52a3-200f-0901-bbee3d444db0" testName="AddingGamesIncreasesTheCounter" computerName="ADI" duration="00:00:00.0003952" startTime="2012-11-22T23:49:45.2237170+00:00" endTime="2012-11-22T23:49:45.2277173+00:00" testType="13cdc9d9-ddb5-4fa4-a97d-d965ccfc6d4b" outcome="Passed" testListId="8c84fa94-04c1-424b-9868-57a2d4851a1d" relativeResultsDirectory="55df3334-1758-4135-8169-de6cdbb7076c">
    </UnitTestResult>
    <UnitTestResult executionId="f3e33bd7-8d2d-4dca-b6ef-73714d1b0ff7" testId="c8c2dc19-5f39-1c20-c766-3762219651c1" testName="AddingGamesAutomaticallyAddsGameID" computerName="ADI" duration="00:00:00.0007010" startTime="2012-11-22T23:49:45.2327175+00:00" endTime="2012-11-22T23:49:45.2357177+00:00" testType="13cdc9d9-ddb5-4fa4-a97d-d965ccfc6d4b" outcome="Passed" testListId="8c84fa94-04c1-424b-9868-57a2d4851a1d" relativeResultsDirectory="f3e33bd7-8d2d-4dca-b6ef-73714d1b0ff7">
    </UnitTestResult>
    <UnitTestResult executionId="919fad5c-12d0-4b5a-805a-ab12b149d029" testId="67059977-9af9-0f9c-579a-97c264c1fea9" testName="SetAndGetPlayerName" computerName="ADI" duration="00:00:00.0004037" startTime="2012-11-22T23:49:45.2407180+00:00" endTime="2012-11-22T23:49:45.2447182+00:00" testType="13cdc9d9-ddb5-4fa4-a97d-d965ccfc6d4b" outcome="Passed" testListId="8c84fa94-04c1-424b-9868-57a2d4851a1d" relativeResultsDirectory="919fad5c-12d0-4b5a-805a-ab12b149d029">
    </UnitTestResult>
    <UnitTestResult executionId="b5f8ce69-5989-479c-9476-487711d88627" testId="2a5a8da3-8c92-50ab-0864-63a216de8ddd" testName="SetAndGetPlayerID" computerName="ADI" duration="00:00:00.0002391" startTime="2012-11-22T23:49:45.2487185+00:00" endTime="2012-11-22T23:49:45.2537187+00:00" testType="13cdc9d9-ddb5-4fa4-a97d-d965ccfc6d4b" outcome="Passed" testListId="8c84fa94-04c1-424b-9868-57a2d4851a1d" relativeResultsDirectory="b5f8ce69-5989-479c-9476-487711d88627">
    </UnitTestResult>
    <UnitTestResult executionId="90120f3d-a56d-430d-8bbe-60e3e582e397" testId="e1e7dca0-9e9e-6051-146d-d722cd8342c2" testName="NewPlayerDefaultRankIsThirtySixKyu" computerName="ADI" duration="00:00:00.0009816" startTime="2012-11-22T23:49:45.2587190+00:00" endTime="2012-11-22T23:49:45.2627193+00:00" testType="13cdc9d9-ddb5-4fa4-a97d-d965ccfc6d4b" outcome="Passed" testListId="8c84fa94-04c1-424b-9868-57a2d4851a1d" relativeResultsDirectory="90120f3d-a56d-430d-8bbe-60e3e582e397">
    </UnitTestResult>
    <UnitTestResult executionId="5a94434f-75d1-40c8-97a2-76be055bfbd5" testId="4c58c331-f849-3000-be35-14d9061a5823" testName="NewPlayerDefaultRungIsMiddleRung" computerName="ADI" duration="00:00:00.0017545" startTime="2012-11-22T23:49:45.2687196+00:00" endTime="2012-11-22T23:49:45.2747199+00:00" testType="13cdc9d9-ddb5-4fa4-a97d-d965ccfc6d4b" outcome="Passed" testListId="8c84fa94-04c1-424b-9868-57a2d4851a1d" relativeResultsDirectory="5a94434f-75d1-40c8-97a2-76be055bfbd5">
    </UnitTestResult>
    <UnitTestResult executionId="5e3e18e5-35f6-463f-b431-1182f8a2dbb2" testId="b9a76c99-9145-d3be-9648-207ab5a64d1d" testName="SetNewPlayerThroughConstructor" computerName="ADI" duration="00:00:00.0003062" startTime="2012-11-22T23:49:45.2797202+00:00" endTime="2012-11-22T23:49:45.2827204+00:00" testType="13cdc9d9-ddb5-4fa4-a97d-d965ccfc6d4b" outcome="Passed" testListId="8c84fa94-04c1-424b-9868-57a2d4851a1d" relativeResultsDirectory="5e3e18e5-35f6-463f-b431-1182f8a2dbb2">
    </UnitTestResult>
    <UnitTestResult executionId="80af6cbf-7e83-4285-a7d0-3cabf46a359b" testId="d773416e-fef5-3b6e-144e-948cb8ea0d98" testName="SetAndGetRankNumber" computerName="ADI" duration="00:00:00.0003233" startTime="2012-11-22T23:49:45.2877207+00:00" endTime="2012-11-22T23:49:45.2907209+00:00" testType="13cdc9d9-ddb5-4fa4-a97d-d965ccfc6d4b" outcome="Passed" testListId="8c84fa94-04c1-424b-9868-57a2d4851a1d" relativeResultsDirectory="80af6cbf-7e83-4285-a7d0-3cabf46a359b">
    </UnitTestResult>
    <UnitTestResult executionId="b80429a4-a560-4a14-b306-40621110164d" testId="905be7a8-7e05-39eb-8812-44a945cef830" testName="SetAndGetRungPosition" computerName="ADI" duration="00:00:00.0002540" startTime="2012-11-22T23:49:45.2947211+00:00" endTime="2012-11-22T23:49:45.2977213+00:00" testType="13cdc9d9-ddb5-4fa4-a97d-d965ccfc6d4b" outcome="Passed" testListId="8c84fa94-04c1-424b-9868-57a2d4851a1d" relativeResultsDirectory="b80429a4-a560-4a14-b306-40621110164d">
    </UnitTestResult>
    <UnitTestResult executionId="e6f14d36-c8ea-438a-be0a-7cde54f5e513" testId="bc5bb353-beec-1029-110e-45d43b7d36de" testName="DefaultRankAndRungPositionForNoRank" computerName="ADI" duration="00:00:00.0002677" startTime="2012-11-22T23:49:45.3027215+00:00" endTime="2012-11-22T23:49:45.3057217+00:00" testType="13cdc9d9-ddb5-4fa4-a97d-d965ccfc6d4b" outcome="Passed" testListId="8c84fa94-04c1-424b-9868-57a2d4851a1d" relativeResultsDirectory="e6f14d36-c8ea-438a-be0a-7cde54f5e513">
    </UnitTestResult>
    <UnitTestResult executionId="20b925e9-936a-417a-877a-76d34a8aa525" testId="e4bdd4dc-077a-bfcc-95b9-34c52cea8f78" testName="SetRankThroughConstructor" computerName="ADI" duration="00:00:00.0004448" startTime="2012-11-22T23:49:45.3097219+00:00" endTime="2012-11-22T23:49:45.3137222+00:00" testType="13cdc9d9-ddb5-4fa4-a97d-d965ccfc6d4b" outcome="Passed" testListId="8c84fa94-04c1-424b-9868-57a2d4851a1d" relativeResultsDirectory="20b925e9-936a-417a-877a-76d34a8aa525">
    </UnitTestResult>
    <UnitTestResult executionId="0a3f54ce-d044-4173-a4cd-c928984e8d21" testId="696749bd-8b0e-3c67-b880-8439a4e40a03" testName="SetRankAndRungThroughConstructor" computerName="ADI" duration="00:00:00.0003409" startTime="2012-11-22T23:49:45.3177224+00:00" endTime="2012-11-22T23:49:45.3207226+00:00" testType="13cdc9d9-ddb5-4fa4-a97d-d965ccfc6d4b" outcome="Passed" testListId="8c84fa94-04c1-424b-9868-57a2d4851a1d" relativeResultsDirectory="0a3f54ce-d044-4173-a4cd-c928984e8d21">
    </UnitTestResult>
    <UnitTestResult executionId="3977ff03-a09b-4d8d-936e-96fef647cd9e" testId="9f4bcc68-cea5-1bd3-1613-dab28d76f1f1" testName="MoveUpLadderLowRankSameRung" computerName="ADI" duration="00:00:00.0004551" startTime="2012-11-22T23:49:45.3257229+00:00" endTime="2012-11-22T23:49:45.3297231+00:00" testType="13cdc9d9-ddb5-4fa4-a97d-d965ccfc6d4b" outcome="Passed" testListId="8c84fa94-04c1-424b-9868-57a2d4851a1d" relativeResultsDirectory="3977ff03-a09b-4d8d-936e-96fef647cd9e">
    </UnitTestResult>
    <UnitTestResult executionId="a9a0957a-5342-45f1-a388-c2d070188925" testId="b216a52f-2c4d-0364-703c-8d5add28730d" testName="MoveUpLadderLowRankUpARung" computerName="ADI" duration="00:00:00.0002647" startTime="2012-11-22T23:49:45.3327233+00:00" endTime="2012-11-22T23:49:45.3367235+00:00" testType="13cdc9d9-ddb5-4fa4-a97d-d965ccfc6d4b" outcome="Passed" testListId="8c84fa94-04c1-424b-9868-57a2d4851a1d" relativeResultsDirectory="a9a0957a-5342-45f1-a388-c2d070188925">
    </UnitTestResult>
    <UnitTestResult executionId="c9bb2610-12cb-4096-b074-8c753b17596e" testId="b30a6818-dbc9-f1df-a7b3-fa7d73c7249e" testName="MoveUpLadderMiddleRankUpARung" computerName="ADI" duration="00:00:00.0002562" startTime="2012-11-22T23:49:45.3417238+00:00" endTime="2012-11-22T23:49:45.3447239+00:00" testType="13cdc9d9-ddb5-4fa4-a97d-d965ccfc6d4b" outcome="Passed" testListId="8c84fa94-04c1-424b-9868-57a2d4851a1d" relativeResultsDirectory="c9bb2610-12cb-4096-b074-8c753b17596e">
    </UnitTestResult>
    <UnitTestResult executionId="05da3431-1603-4684-b40c-ab3952038883" testId="c742a09f-f8a7-bcd1-20b1-7943bfc33032" testName="MoveUpLadderMiddleRankSameRung" computerName="ADI" duration="00:00:00.0003841" startTime="2012-11-22T23:49:45.3487242+00:00" endTime="2012-11-22T23:49:45.3517243+00:00" testType="13cdc9d9-ddb5-4fa4-a97d-d965ccfc6d4b" outcome="Passed" testListId="8c84fa94-04c1-424b-9868-57a2d4851a1d" relativeResultsDirectory="05da3431-1603-4684-b40c-ab3952038883">
    </UnitTestResult>
    <UnitTestResult executionId="d834b5cd-c2ee-43c7-8aff-58e92e918081" testId="4d603034-9b20-4167-7863-d6342775eb94" testName="MoveUpLadderHighRankUpARung" computerName="ADI" duration="00:00:00.0002737" startTime="2012-11-22T23:49:45.3557246+00:00" endTime="2012-11-22T23:49:45.3597248+00:00" testType="13cdc9d9-ddb5-4fa4-a97d-d965ccfc6d4b" outcome="Passed" testListId="8c84fa94-04c1-424b-9868-57a2d4851a1d" relativeResultsDirectory="d834b5cd-c2ee-43c7-8aff-58e92e918081">
    </UnitTestResult>
    <UnitTestResult executionId="59a80b11-16e8-4f12-a83c-7a32a8d86e60" testId="d6c5c455-0200-0c5f-1ca0-f844ca7cc5e6" testName="MoveUpLadderHighRankSameRung" computerName="ADI" duration="00:00:00.0003503" startTime="2012-11-22T23:49:45.3637250+00:00" endTime="2012-11-22T23:49:45.3677253+00:00" testType="13cdc9d9-ddb5-4fa4-a97d-d965ccfc6d4b" outcome="Passed" testListId="8c84fa94-04c1-424b-9868-57a2d4851a1d" relativeResultsDirectory="59a80b11-16e8-4f12-a83c-7a32a8d86e60">
    </UnitTestResult>
    <UnitTestResult executionId="d8a93cbe-4402-43fe-b9f9-d55d125bbdc7" testId="707c250f-7066-876a-084e-a2f9385e4478" testName="DontMoveUpLadderMaxRankAndRung" computerName="ADI" duration="00:00:00.0002592" startTime="2012-11-22T23:49:45.3737256+00:00" endTime="2012-11-22T23:49:45.3767258+00:00" testType="13cdc9d9-ddb5-4fa4-a97d-d965ccfc6d4b" outcome="Passed" testListId="8c84fa94-04c1-424b-9868-57a2d4851a1d" relativeResultsDirectory="d8a93cbe-4402-43fe-b9f9-d55d125bbdc7">
    </UnitTestResult>
    <UnitTestResult executionId="59395bea-4aa7-4310-a462-1a6315e895fc" testId="ae891c73-20d7-5d76-f328-312bfa18c043" testName="MoveDownLowRankSameRung" computerName="ADI" duration="00:00:00.0005291" startTime="2012-11-22T23:49:45.3807260+00:00" endTime="2012-11-22T23:49:45.3847262+00:00" testType="13cdc9d9-ddb5-4fa4-a97d-d965ccfc6d4b" outcome="Passed" testListId="8c84fa94-04c1-424b-9868-57a2d4851a1d" relativeResultsDirectory="59395bea-4aa7-4310-a462-1a6315e895fc">
    </UnitTestResult>
    <UnitTestResult executionId="e8a38d41-7809-4495-9245-48eeedf7b7df" testId="4f9e1d56-3488-73dc-57ff-29733bf87e53" testName="MoveDownLowRankDownARung" computerName="ADI" duration="00:00:00.0002587" startTime="2012-11-22T23:49:45.3887265+00:00" endTime="2012-11-22T23:49:45.3917266+00:00" testType="13cdc9d9-ddb5-4fa4-a97d-d965ccfc6d4b" outcome="Passed" testListId="8c84fa94-04c1-424b-9868-57a2d4851a1d" relativeResultsDirectory="e8a38d41-7809-4495-9245-48eeedf7b7df">
    </UnitTestResult>
    <UnitTestResult executionId="db901df6-c2cb-46fa-9016-30aa8de864b1" testId="f8c40a45-ee90-819c-6717-2648ff00657f" testName="MoveDownMidRankSameRung" computerName="ADI" duration="00:00:00.0003421" startTime="2012-11-22T23:49:45.3957269+00:00" endTime="2012-11-22T23:49:45.3997271+00:00" testType="13cdc9d9-ddb5-4fa4-a97d-d965ccfc6d4b" outcome="Passed" testListId="8c84fa94-04c1-424b-9868-57a2d4851a1d" relativeResultsDirectory="db901df6-c2cb-46fa-9016-30aa8de864b1">
    </UnitTestResult>
    <UnitTestResult executionId="89b6d4af-c375-4196-b1c8-b8202bfb2004" testId="bae7745a-4345-aa97-8f60-00319ccaf741" testName="MoveDownMidRankDownARung" computerName="ADI" duration="00:00:00.0002613" startTime="2012-11-22T23:49:45.4037273+00:00" endTime="2012-11-22T23:49:45.4067275+00:00" testType="13cdc9d9-ddb5-4fa4-a97d-d965ccfc6d4b" outcome="Passed" testListId="8c84fa94-04c1-424b-9868-57a2d4851a1d" relativeResultsDirectory="89b6d4af-c375-4196-b1c8-b8202bfb2004">
    </UnitTestResult>
    <UnitTestResult executionId="4d502c4d-4c51-4599-91b7-60682615181a" testId="c49ee672-b73a-bc6c-ef5b-ba89f980a4ad" testName="MoveDownHighRankSameRung" computerName="ADI" duration="00:00:00.0003678" startTime="2012-11-22T23:49:45.4167281+00:00" endTime="2012-11-22T23:49:45.4197282+00:00" testType="13cdc9d9-ddb5-4fa4-a97d-d965ccfc6d4b" outcome="Passed" testListId="8c84fa94-04c1-424b-9868-57a2d4851a1d" relativeResultsDirectory="4d502c4d-4c51-4599-91b7-60682615181a">
    </UnitTestResult>
    <UnitTestResult executionId="bcebe26f-98ea-432c-bb2d-48faf4c0b459" testId="bed63836-32d0-838c-d496-ce4fc91f6c1f" testName="MoveDownHighRankDownARung" computerName="ADI" duration="00:00:00.0002592" startTime="2012-11-22T23:49:45.4247285+00:00" endTime="2012-11-22T23:49:45.4277287+00:00" testType="13cdc9d9-ddb5-4fa4-a97d-d965ccfc6d4b" outcome="Passed" testListId="8c84fa94-04c1-424b-9868-57a2d4851a1d" relativeResultsDirectory="bcebe26f-98ea-432c-bb2d-48faf4c0b459">
    </UnitTestResult>
    <UnitTestResult executionId="723f933e-e722-46b0-8f35-8dcdc8fd2a2a" testId="1e309648-fdb7-1ca9-2ccb-3341883b6e78" testName="DontMoveDownWhenAtBottomOfRank" computerName="ADI" duration="00:00:00.0002741" startTime="2012-11-22T23:49:45.4317289+00:00" endTime="2012-11-22T23:49:45.4347291+00:00" testType="13cdc9d9-ddb5-4fa4-a97d-d965ccfc6d4b" outcome="Passed" testListId="8c84fa94-04c1-424b-9868-57a2d4851a1d" relativeResultsDirectory="723f933e-e722-46b0-8f35-8dcdc8fd2a2a">
    </UnitTestResult>
  </Results>
</TestRun>