<?xml version="1.0" encoding="UTF-8"?>
<TestRun id="96c54f55-54a0-4b0b-b758-8a57d667bc81" name="pc1@ADI 2012-11-22 23:16:11" runUser="ADI\pc1" xmlns="http://microsoft.com/schemas/VisualStudio/TeamTest/2010">
  <TestSettings name="Local" id="8e47a06c-9acb-4e37-8aaa-ce98d320818c">
    <Description>These are default test settings for a local test run.</Description>
    <Deployment enabled="false" runDeploymentRoot="pc1_ADI 2012-11-22 23_16_11">
      <DeploymentItem filename="C:\Personal\Go\TestProject1\TestProject1\bin\Debug\TestProject1.exe" />
    </Deployment>
    <Execution>
      <TestTypeSpecific />
      <AgentRule name="Execution Agents">
      </AgentRule>
    </Execution>
  </TestSettings>
  <Times creation="2012-11-22T23:16:11.2555246+00:00" queuing="2012-11-22T23:16:11.6245457+00:00" start="2012-11-22T23:16:11.6875493+00:00" finish="2012-11-22T23:16:12.2235800+00:00" />
  <ResultSummary outcome="Completed">
    <Counters total="6" executed="6" passed="6" error="0" failed="0" timeout="0" aborted="0" inconclusive="0" passedButRunAborted="0" notRunnable="0" notExecuted="0" disconnected="0" warning="0" completed="0" inProgress="0" pending="0" />
  </ResultSummary>
  <TestDefinitions>
    <UnitTest name="SetAndGetPlayerID" storage="c:\personal\go\testproject1\project1vstests\bin\debug\project1vstests.dll" id="4f837ab8-5754-1eea-a938-0dd85065929c">
      <Execution id="64987462-b3eb-416b-965a-0ce764740229" />
      <TestMethod codeBase="C:/Personal/Go/TestProject1/Project1VSTests/bin/Debug/Project1VSTests.DLL" adapterTypeName="Microsoft.VisualStudio.TestTools.TestTypes.Unit.UnitTestAdapter, Microsoft.VisualStudio.QualityTools.Tips.UnitTest.Adapter, Version=10.0.0.0, Culture=neutral, PublicKeyToken=b03f5f7f11d50a3a" className="Project1VSTests.PlayerTests, Project1VSTests, Version=1.0.0.0, Culture=neutral, PublicKeyToken=null" name="SetAndGetPlayerID" />
    </UnitTest>
    <UnitTest name="SetNewPlayerThroughConstructor" storage="c:\personal\go\testproject1\project1vstests\bin\debug\project1vstests.dll" id="720f2ed8-00d2-a182-67a8-02668befcf50">
      <Execution id="223541da-aadc-4c74-8d98-c63526477858" />
      <TestMethod codeBase="C:/Personal/Go/TestProject1/Project1VSTests/bin/Debug/Project1VSTests.DLL" adapterTypeName="Microsoft.VisualStudio.TestTools.TestTypes.Unit.UnitTestAdapter, Microsoft.VisualStudio.QualityTools.Tips.UnitTest.Adapter, Version=10.0.0.0, Culture=neutral, PublicKeyToken=b03f5f7f11d50a3a" className="Project1VSTests.PlayerTests, Project1VSTests, Version=1.0.0.0, Culture=neutral, PublicKeyToken=null" name="SetNewPlayerThroughConstructor" />
    </UnitTest>
    <UnitTest name="NewPlayerDefaultRankIsThirtySixKyu" storage="c:\personal\go\testproject1\project1vstests\bin\debug\project1vstests.dll" id="f2df5bd3-730e-ae0f-298c-daf0a9ebf65d">
      <Execution id="d706c13c-544f-4f0e-9752-4b91b48364af" />
      <TestMethod codeBase="C:/Personal/Go/TestProject1/Project1VSTests/bin/Debug/Project1VSTests.DLL" adapterTypeName="Microsoft.VisualStudio.TestTools.TestTypes.Unit.UnitTestAdapter, Microsoft.VisualStudio.QualityTools.Tips.UnitTest.Adapter, Version=10.0.0.0, Culture=neutral, PublicKeyToken=b03f5f7f11d50a3a" className="Project1VSTests.PlayerTests, Project1VSTests, Version=1.0.0.0, Culture=neutral, PublicKeyToken=null" name="NewPlayerDefaultRankIsThirtySixKyu" />
    </UnitTest>
    <UnitTest name="SetAndGetPlayerName" storage="c:\personal\go\testproject1\project1vstests\bin\debug\project1vstests.dll" id="c4315d0c-5e58-dd69-04ed-59932af5fc00">
      <Execution id="d897e875-1cea-48e5-90c1-c5fe7c00a880" />
      <TestMethod codeBase="C:/Personal/Go/TestProject1/Project1VSTests/bin/Debug/Project1VSTests.DLL" adapterTypeName="Microsoft.VisualStudio.TestTools.TestTypes.Unit.UnitTestAdapter, Microsoft.VisualStudio.QualityTools.Tips.UnitTest.Adapter, Version=10.0.0.0, Culture=neutral, PublicKeyToken=b03f5f7f11d50a3a" className="Project1VSTests.PlayerTests, Project1VSTests, Version=1.0.0.0, Culture=neutral, PublicKeyToken=null" name="SetAndGetPlayerName" />
    </UnitTest>
    <UnitTest name="TestMethod1" storage="c:\personal\go\testproject1\project1vstests\bin\debug\project1vstests.dll" id="a196d2db-b595-47e8-0f85-ff9cf91d15cd">
      <Execution id="5a22e527-08cd-4f37-8f98-69013d615fd9" />
      <TestMethod codeBase="C:/Personal/Go/TestProject1/Project1VSTests/bin/Debug/Project1VSTests.DLL" adapterTypeName="Microsoft.VisualStudio.TestTools.TestTypes.Unit.UnitTestAdapter, Microsoft.VisualStudio.QualityTools.Tips.UnitTest.Adapter, Version=10.0.0.0, Culture=neutral, PublicKeyToken=b03f5f7f11d50a3a" className="Project1VSTests.UnitTest1, Project1VSTests, Version=1.0.0.0, Culture=neutral, PublicKeyToken=null" name="TestMethod1" />
    </UnitTest>
    <UnitTest name="NewPlayerDefaultRungIsMiddleRung" storage="c:\personal\go\testproject1\project1vstests\bin\debug\project1vstests.dll" id="33ae37c7-06f7-601e-4782-0e9bb5db6fa3">
      <Execution id="a667859f-5631-4f16-aaf4-abd17deafb7d" />
      <TestMethod codeBase="C:/Personal/Go/TestProject1/Project1VSTests/bin/Debug/Project1VSTests.DLL" adapterTypeName="Microsoft.VisualStudio.TestTools.TestTypes.Unit.UnitTestAdapter, Microsoft.VisualStudio.QualityTools.Tips.UnitTest.Adapter, Version=10.0.0.0, Culture=neutral, PublicKeyToken=b03f5f7f11d50a3a" className="Project1VSTests.PlayerTests, Project1VSTests, Version=1.0.0.0, Culture=neutral, PublicKeyToken=null" name="NewPlayerDefaultRungIsMiddleRung" />
    </UnitTest>
  </TestDefinitions>
  <TestLists>
    <TestList name="Results Not in a List" id="8c84fa94-04c1-424b-9868-57a2d4851a1d" />
    <TestList name="All Loaded Results" id="19431567-8539-422a-85d7-44ee4e166bda" />
  </TestLists>
  <TestEntries>
    <TestEntry testId="a196d2db-b595-47e8-0f85-ff9cf91d15cd" executionId="5a22e527-08cd-4f37-8f98-69013d615fd9" testListId="8c84fa94-04c1-424b-9868-57a2d4851a1d" />
    <TestEntry testId="c4315d0c-5e58-dd69-04ed-59932af5fc00" executionId="d897e875-1cea-48e5-90c1-c5fe7c00a880" testListId="8c84fa94-04c1-424b-9868-57a2d4851a1d" />
    <TestEntry testId="4f837ab8-5754-1eea-a938-0dd85065929c" executionId="64987462-b3eb-416b-965a-0ce764740229" testListId="8c84fa94-04c1-424b-9868-57a2d4851a1d" />
    <TestEntry testId="f2df5bd3-730e-ae0f-298c-daf0a9ebf65d" executionId="d706c13c-544f-4f0e-9752-4b91b48364af" testListId="8c84fa94-04c1-424b-9868-57a2d4851a1d" />
    <TestEntry testId="33ae37c7-06f7-601e-4782-0e9bb5db6fa3" executionId="a667859f-5631-4f16-aaf4-abd17deafb7d" testListId="8c84fa94-04c1-424b-9868-57a2d4851a1d" />
    <TestEntry testId="720f2ed8-00d2-a182-67a8-02668befcf50" executionId="223541da-aadc-4c74-8d98-c63526477858" testListId="8c84fa94-04c1-424b-9868-57a2d4851a1d" />
  </TestEntries>
  <Results>
    <UnitTestResult executionId="5a22e527-08cd-4f37-8f98-69013d615fd9" testId="a196d2db-b595-47e8-0f85-ff9cf91d15cd" testName="TestMethod1" computerName="ADI" duration="00:00:00.0185168" startTime="2012-11-22T23:16:11.7275516+00:00" endTime="2012-11-22T23:16:12.0985729+00:00" testType="13cdc9d9-ddb5-4fa4-a97d-d965ccfc6d4b" outcome="Passed" testListId="8c84fa94-04c1-424b-9868-57a2d4851a1d" relativeResultsDirectory="5a22e527-08cd-4f37-8f98-69013d615fd9">
    </UnitTestResult>
    <UnitTestResult executionId="d897e875-1cea-48e5-90c1-c5fe7c00a880" testId="c4315d0c-5e58-dd69-04ed-59932af5fc00" testName="SetAndGetPlayerName" computerName="ADI" duration="00:00:00.0092650" startTime="2012-11-22T23:16:12.1115736+00:00" endTime="2012-11-22T23:16:12.1265745+00:00" testType="13cdc9d9-ddb5-4fa4-a97d-d965ccfc6d4b" outcome="Passed" testListId="8c84fa94-04c1-424b-9868-57a2d4851a1d" relativeResultsDirectory="d897e875-1cea-48e5-90c1-c5fe7c00a880">
    </UnitTestResult>
    <UnitTestResult executionId="64987462-b3eb-416b-965a-0ce764740229" testId="4f837ab8-5754-1eea-a938-0dd85065929c" testName="SetAndGetPlayerID" computerName="ADI" duration="00:00:00.0019042" startTime="2012-11-22T23:16:12.1325748+00:00" endTime="2012-11-22T23:16:12.1455755+00:00" testType="13cdc9d9-ddb5-4fa4-a97d-d965ccfc6d4b" outcome="Passed" testListId="8c84fa94-04c1-424b-9868-57a2d4851a1d" relativeResultsDirectory="64987462-b3eb-416b-965a-0ce764740229">
    </UnitTestResult>
    <UnitTestResult executionId="d706c13c-544f-4f0e-9752-4b91b48364af" testId="f2df5bd3-730e-ae0f-298c-daf0a9ebf65d" testName="NewPlayerDefaultRankIsThirtySixKyu" computerName="ADI" duration="00:00:00.0015539" startTime="2012-11-22T23:16:12.1535760+00:00" endTime="2012-11-22T23:16:12.1665767+00:00" testType="13cdc9d9-ddb5-4fa4-a97d-d965ccfc6d4b" outcome="Passed" testListId="8c84fa94-04c1-424b-9868-57a2d4851a1d" relativeResultsDirectory="d706c13c-544f-4f0e-9752-4b91b48364af">
    </UnitTestResult>
    <UnitTestResult executionId="a667859f-5631-4f16-aaf4-abd17deafb7d" testId="33ae37c7-06f7-601e-4782-0e9bb5db6fa3" testName="NewPlayerDefaultRungIsMiddleRung" computerName="ADI" duration="00:00:00.0015329" startTime="2012-11-22T23:16:12.1745772+00:00" endTime="2012-11-22T23:16:12.1805775+00:00" testType="13cdc9d9-ddb5-4fa4-a97d-d965ccfc6d4b" outcome="Passed" testListId="8c84fa94-04c1-424b-9868-57a2d4851a1d" relativeResultsDirectory="a667859f-5631-4f16-aaf4-abd17deafb7d">
    </UnitTestResult>
    <UnitTestResult executionId="223541da-aadc-4c74-8d98-c63526477858" testId="720f2ed8-00d2-a182-67a8-02668befcf50" testName="SetNewPlayerThroughConstructor" computerName="ADI" duration="00:00:00.0006018" startTime="2012-11-22T23:16:12.1865779+00:00" endTime="2012-11-22T23:16:12.1935783+00:00" testType="13cdc9d9-ddb5-4fa4-a97d-d965ccfc6d4b" outcome="Passed" testListId="8c84fa94-04c1-424b-9868-57a2d4851a1d" relativeResultsDirectory="223541da-aadc-4c74-8d98-c63526477858">
    </UnitTestResult>
  </Results>
</TestRun>